Apache Maven 3.0.5
Maven home: /usr/share/maven
Java version: 1.8.0_66, vendor: Oracle Corporation
Java home: /usr/lib/jvm/java-8-oracle/jre
Default locale: en_NZ, platform encoding: UTF-8
OS name: "linux", version: "3.19.0-25-generic", arch: "amd64", family: "unix"
[INFO] Error stacktraces are turned on.
[DEBUG] Reading global settings from /usr/share/maven/conf/settings.xml
[DEBUG] Reading user settings from /home/devmac/.m2/settings.xml
[DEBUG] Using local repository at /home/devmac/.m2/repository
[DEBUG] Using manager EnhancedLocalRepositoryManager with priority 10 for /home/devmac/.m2/repository
[INFO] Scanning for projects...
[DEBUG] Extension realms for project io.freeboot:bootstrapplicator:jar:0.0.1-SNAPSHOT: (none)
[DEBUG] Looking up lifecyle mappings for packaging jar from ClassRealm[plexus.core, parent: null]
[DEBUG] === REACTOR BUILD PLAN ================================================
[DEBUG] Project: io.freeboot:bootstrapplicator:jar:0.0.1-SNAPSHOT
[DEBUG] Tasks:   [install]
[DEBUG] Style:   Regular
[DEBUG] =======================================================================
[INFO]                                                                         
[INFO] ------------------------------------------------------------------------
[INFO] Building bootstrapplicator 0.0.1-SNAPSHOT
[INFO] ------------------------------------------------------------------------
[DEBUG] Lifecycle default -> [validate, initialize, generate-sources, process-sources, generate-resources, process-resources, compile, process-classes, generate-test-sources, process-test-sources, generate-test-resources, process-test-resources, test-compile, process-test-classes, test, prepare-package, package, pre-integration-test, integration-test, post-integration-test, verify, install, deploy]
[DEBUG] Lifecycle clean -> [pre-clean, clean, post-clean]
[DEBUG] Lifecycle site -> [pre-site, site, post-site, site-deploy]
[DEBUG] Lifecycle default -> [validate, initialize, generate-sources, process-sources, generate-resources, process-resources, compile, process-classes, generate-test-sources, process-test-sources, generate-test-resources, process-test-resources, test-compile, process-test-classes, test, prepare-package, package, pre-integration-test, integration-test, post-integration-test, verify, install, deploy]
[DEBUG] Lifecycle clean -> [pre-clean, clean, post-clean]
[DEBUG] Lifecycle site -> [pre-site, site, post-site, site-deploy]
[DEBUG] Lifecycle default -> [validate, initialize, generate-sources, process-sources, generate-resources, process-resources, compile, process-classes, generate-test-sources, process-test-sources, generate-test-resources, process-test-resources, test-compile, process-test-classes, test, prepare-package, package, pre-integration-test, integration-test, post-integration-test, verify, install, deploy]
[DEBUG] Lifecycle clean -> [pre-clean, clean, post-clean]
[DEBUG] Lifecycle site -> [pre-site, site, post-site, site-deploy]
[DEBUG] Lifecycle default -> [validate, initialize, generate-sources, process-sources, generate-resources, process-resources, compile, process-classes, generate-test-sources, process-test-sources, generate-test-resources, process-test-resources, test-compile, process-test-classes, test, prepare-package, package, pre-integration-test, integration-test, post-integration-test, verify, install, deploy]
[DEBUG] Lifecycle clean -> [pre-clean, clean, post-clean]
[DEBUG] Lifecycle site -> [pre-site, site, post-site, site-deploy]
[DEBUG] Lifecycle default -> [validate, initialize, generate-sources, process-sources, generate-resources, process-resources, compile, process-classes, generate-test-sources, process-test-sources, generate-test-resources, process-test-resources, test-compile, process-test-classes, test, prepare-package, package, pre-integration-test, integration-test, post-integration-test, verify, install, deploy]
[DEBUG] Lifecycle clean -> [pre-clean, clean, post-clean]
[DEBUG] Lifecycle site -> [pre-site, site, post-site, site-deploy]
[DEBUG] Lifecycle default -> [validate, initialize, generate-sources, process-sources, generate-resources, process-resources, compile, process-classes, generate-test-sources, process-test-sources, generate-test-resources, process-test-resources, test-compile, process-test-classes, test, prepare-package, package, pre-integration-test, integration-test, post-integration-test, verify, install, deploy]
[DEBUG] Lifecycle clean -> [pre-clean, clean, post-clean]
[DEBUG] Lifecycle site -> [pre-site, site, post-site, site-deploy]
[DEBUG] Lifecycle default -> [validate, initialize, generate-sources, process-sources, generate-resources, process-resources, compile, process-classes, generate-test-sources, process-test-sources, generate-test-resources, process-test-resources, test-compile, process-test-classes, test, prepare-package, package, pre-integration-test, integration-test, post-integration-test, verify, install, deploy]
[DEBUG] Lifecycle clean -> [pre-clean, clean, post-clean]
[DEBUG] Lifecycle site -> [pre-site, site, post-site, site-deploy]
[DEBUG] Lifecycle default -> [validate, initialize, generate-sources, process-sources, generate-resources, process-resources, compile, process-classes, generate-test-sources, process-test-sources, generate-test-resources, process-test-resources, test-compile, process-test-classes, test, prepare-package, package, pre-integration-test, integration-test, post-integration-test, verify, install, deploy]
[DEBUG] Lifecycle clean -> [pre-clean, clean, post-clean]
[DEBUG] Lifecycle site -> [pre-site, site, post-site, site-deploy]
[DEBUG] === PROJECT BUILD PLAN ================================================
[DEBUG] Project:       io.freeboot:bootstrapplicator:0.0.1-SNAPSHOT
[DEBUG] Dependencies (collect): [compile+runtime]
[DEBUG] Dependencies (resolve): [compile, compile+runtime, runtime, test]
[DEBUG] Repositories (dependencies): [central (http://repo.maven.apache.org/maven2, releases)]
[DEBUG] Repositories (plugins)     : [central (http://repo.maven.apache.org/maven2, releases)]
[DEBUG] -----------------------------------------------------------------------
[DEBUG] Goal:          org.apache.maven.plugins:maven-resources-plugin:2.6:resources (default-resources)
[DEBUG] Style:         Regular
[DEBUG] Configuration: <?xml version="1.0" encoding="UTF-8"?>
<configuration>
  <buildFilters default-value="${project.build.filters}"/>
  <delimiters>
    <delimiter>@</delimiter>
  </delimiters>
  <encoding default-value="${project.build.sourceEncoding}">${encoding}</encoding>
  <escapeString>${maven.resources.escapeString}</escapeString>
  <escapeWindowsPaths default-value="true">${maven.resources.escapeWindowsPaths}</escapeWindowsPaths>
  <includeEmptyDirs default-value="false">${maven.resources.includeEmptyDirs}</includeEmptyDirs>
  <outputDirectory default-value="${project.build.outputDirectory}"/>
  <overwrite default-value="false">${maven.resources.overwrite}</overwrite>
  <project default-value="${project}"/>
  <resources default-value="${project.resources}"/>
  <session default-value="${session}"/>
  <supportMultiLineFiltering default-value="false">${maven.resources.supportMultiLineFiltering}</supportMultiLineFiltering>
  <useBuildFilters default-value="true"/>
  <useDefaultDelimiters default-value="true">false</useDefaultDelimiters>
</configuration>
[DEBUG] -----------------------------------------------------------------------
[DEBUG] Goal:          org.apache.maven.plugins:maven-compiler-plugin:3.1:compile (default-compile)
[DEBUG] Style:         Regular
[DEBUG] Configuration: <?xml version="1.0" encoding="UTF-8"?>
<configuration>
  <basedir default-value="${basedir}"/>
  <buildDirectory default-value="${project.build.directory}"/>
  <classpathElements default-value="${project.compileClasspathElements}"/>
  <compileSourceRoots default-value="${project.compileSourceRoots}"/>
  <compilerId default-value="javac">${maven.compiler.compilerId}</compilerId>
  <compilerReuseStrategy default-value="${reuseCreated}">${maven.compiler.compilerReuseStrategy}</compilerReuseStrategy>
  <compilerVersion>${maven.compiler.compilerVersion}</compilerVersion>
  <debug default-value="true">${maven.compiler.debug}</debug>
  <debuglevel>${maven.compiler.debuglevel}</debuglevel>
  <encoding default-value="${project.build.sourceEncoding}">${encoding}</encoding>
  <executable>${maven.compiler.executable}</executable>
  <failOnError default-value="true">${maven.compiler.failOnError}</failOnError>
  <forceJavacCompilerUse default-value="false">${maven.compiler.forceJavacCompilerUse}</forceJavacCompilerUse>
  <fork default-value="false">${maven.compiler.fork}</fork>
  <generatedSourcesDirectory default-value="${project.build.directory}/generated-sources/annotations"/>
  <maxmem>${maven.compiler.maxmem}</maxmem>
  <meminitial>${maven.compiler.meminitial}</meminitial>
  <mojoExecution>${mojoExecution}</mojoExecution>
  <optimize default-value="false">${maven.compiler.optimize}</optimize>
  <outputDirectory default-value="${project.build.outputDirectory}"/>
  <projectArtifact default-value="${project.artifact}"/>
  <showDeprecation default-value="false">${maven.compiler.showDeprecation}</showDeprecation>
  <showWarnings default-value="false">${maven.compiler.showWarnings}</showWarnings>
  <skipMain>${maven.main.skip}</skipMain>
  <skipMultiThreadWarning default-value="false">${maven.compiler.skipMultiThreadWarning}</skipMultiThreadWarning>
  <source default-value="1.5">${maven.compiler.source}</source>
  <staleMillis default-value="0">${lastModGranularityMs}</staleMillis>
  <target default-value="1.5">${maven.compiler.target}</target>
  <useIncrementalCompilation default-value="true">${maven.compiler.useIncrementalCompilation}</useIncrementalCompilation>
  <verbose default-value="false">${maven.compiler.verbose}</verbose>
  <mavenSession default-value="${session}"/>
  <session default-value="${session}"/>
</configuration>
[DEBUG] -----------------------------------------------------------------------
[DEBUG] Goal:          org.apache.maven.plugins:maven-resources-plugin:2.6:testResources (default-testResources)
[DEBUG] Style:         Regular
[DEBUG] Configuration: <?xml version="1.0" encoding="UTF-8"?>
<configuration>
  <buildFilters default-value="${project.build.filters}"/>
  <delimiters>
    <delimiter>@</delimiter>
  </delimiters>
  <encoding default-value="${project.build.sourceEncoding}">${encoding}</encoding>
  <escapeString>${maven.resources.escapeString}</escapeString>
  <escapeWindowsPaths default-value="true">${maven.resources.escapeWindowsPaths}</escapeWindowsPaths>
  <includeEmptyDirs default-value="false">${maven.resources.includeEmptyDirs}</includeEmptyDirs>
  <outputDirectory default-value="${project.build.testOutputDirectory}"/>
  <overwrite default-value="false">${maven.resources.overwrite}</overwrite>
  <project default-value="${project}"/>
  <resources default-value="${project.testResources}"/>
  <session default-value="${session}"/>
  <skip>${maven.test.skip}</skip>
  <supportMultiLineFiltering default-value="false">${maven.resources.supportMultiLineFiltering}</supportMultiLineFiltering>
  <useBuildFilters default-value="true"/>
  <useDefaultDelimiters default-value="true">false</useDefaultDelimiters>
</configuration>
[DEBUG] -----------------------------------------------------------------------
[DEBUG] Goal:          org.apache.maven.plugins:maven-compiler-plugin:3.1:testCompile (default-testCompile)
[DEBUG] Style:         Regular
[DEBUG] Configuration: <?xml version="1.0" encoding="UTF-8"?>
<configuration>
  <basedir default-value="${basedir}"/>
  <buildDirectory default-value="${project.build.directory}"/>
  <classpathElements default-value="${project.testClasspathElements}"/>
  <compileSourceRoots default-value="${project.testCompileSourceRoots}"/>
  <compilerId default-value="javac">${maven.compiler.compilerId}</compilerId>
  <compilerReuseStrategy default-value="${reuseCreated}">${maven.compiler.compilerReuseStrategy}</compilerReuseStrategy>
  <compilerVersion>${maven.compiler.compilerVersion}</compilerVersion>
  <debug default-value="true">${maven.compiler.debug}</debug>
  <debuglevel>${maven.compiler.debuglevel}</debuglevel>
  <encoding default-value="${project.build.sourceEncoding}">${encoding}</encoding>
  <executable>${maven.compiler.executable}</executable>
  <failOnError default-value="true">${maven.compiler.failOnError}</failOnError>
  <forceJavacCompilerUse default-value="false">${maven.compiler.forceJavacCompilerUse}</forceJavacCompilerUse>
  <fork default-value="false">${maven.compiler.fork}</fork>
  <generatedTestSourcesDirectory default-value="${project.build.directory}/generated-test-sources/test-annotations"/>
  <maxmem>${maven.compiler.maxmem}</maxmem>
  <meminitial>${maven.compiler.meminitial}</meminitial>
  <mojoExecution>${mojoExecution}</mojoExecution>
  <optimize default-value="false">${maven.compiler.optimize}</optimize>
  <outputDirectory default-value="${project.build.testOutputDirectory}"/>
  <showDeprecation default-value="false">${maven.compiler.showDeprecation}</showDeprecation>
  <showWarnings default-value="false">${maven.compiler.showWarnings}</showWarnings>
  <skip>${maven.test.skip}</skip>
  <skipMultiThreadWarning default-value="false">${maven.compiler.skipMultiThreadWarning}</skipMultiThreadWarning>
  <source default-value="1.5">${maven.compiler.source}</source>
  <staleMillis default-value="0">${lastModGranularityMs}</staleMillis>
  <target default-value="1.5">${maven.compiler.target}</target>
  <testSource>${maven.compiler.testSource}</testSource>
  <testTarget>${maven.compiler.testTarget}</testTarget>
  <useIncrementalCompilation default-value="true">${maven.compiler.useIncrementalCompilation}</useIncrementalCompilation>
  <verbose default-value="false">${maven.compiler.verbose}</verbose>
  <mavenSession default-value="${session}"/>
  <session default-value="${session}"/>
</configuration>
[DEBUG] -----------------------------------------------------------------------
[DEBUG] Goal:          org.apache.maven.plugins:maven-surefire-plugin:2.18.1:test (default-test)
[DEBUG] Style:         Regular
[DEBUG] Configuration: <?xml version="1.0" encoding="UTF-8"?>
<configuration>
  <additionalClasspathElements>${maven.test.additionalClasspath}</additionalClasspathElements>
  <argLine>${argLine}</argLine>
  <basedir default-value="${basedir}"/>
  <childDelegation default-value="false">${childDelegation}</childDelegation>
  <classesDirectory default-value="${project.build.outputDirectory}"/>
  <classpathDependencyExcludes>${maven.test.dependency.excludes}</classpathDependencyExcludes>
  <debugForkedProcess>${maven.surefire.debug}</debugForkedProcess>
  <dependenciesToScan>${dependenciesToScan}</dependenciesToScan>
  <disableXmlReport default-value="false">${disableXmlReport}</disableXmlReport>
  <enableAssertions default-value="true">${enableAssertions}</enableAssertions>
  <excludedGroups>${excludedGroups}</excludedGroups>
  <excludes>
    <exclude>**/Abstract*.java</exclude>
  </excludes>
  <failIfNoSpecifiedTests>${surefire.failIfNoSpecifiedTests}</failIfNoSpecifiedTests>
  <failIfNoTests>${failIfNoTests}</failIfNoTests>
  <forkCount default-value="1">${forkCount}</forkCount>
  <forkMode default-value="once">${forkMode}</forkMode>
  <forkedProcessTimeoutInSeconds>${surefire.timeout}</forkedProcessTimeoutInSeconds>
  <groups>${groups}</groups>
  <includes>
    <include>**/*Tests.java</include>
    <include>**/*Test.java</include>
  </includes>
  <junitArtifactName default-value="junit:junit">${junitArtifactName}</junitArtifactName>
  <jvm>${jvm}</jvm>
  <localRepository default-value="${localRepository}"/>
  <objectFactory>${objectFactory}</objectFactory>
  <parallel>${parallel}</parallel>
  <parallelMavenExecution default-value="${session.parallel}"/>
  <parallelOptimized default-value="true">${parallelOptimized}</parallelOptimized>
  <parallelTestsTimeoutForcedInSeconds>${surefire.parallel.forcedTimeout}</parallelTestsTimeoutForcedInSeconds>
  <parallelTestsTimeoutInSeconds>${surefire.parallel.timeout}</parallelTestsTimeoutInSeconds>
  <perCoreThreadCount default-value="true">${perCoreThreadCount}</perCoreThreadCount>
  <pluginArtifactMap>${plugin.artifactMap}</pluginArtifactMap>
  <pluginDescriptor default-value="${plugin}"/>
  <printSummary default-value="true">${surefire.printSummary}</printSummary>
  <projectArtifactMap>${project.artifactMap}</projectArtifactMap>
  <redirectTestOutputToFile default-value="false">${maven.test.redirectTestOutputToFile}</redirectTestOutputToFile>
  <remoteRepositories default-value="${project.pluginArtifactRepositories}"/>
  <reportFormat default-value="brief">${surefire.reportFormat}</reportFormat>
  <reportNameSuffix default-value="">${surefire.reportNameSuffix}</reportNameSuffix>
  <reportsDirectory default-value="${project.build.directory}/surefire-reports"/>
  <rerunFailingTestsCount default-value="0">${surefire.rerunFailingTestsCount}</rerunFailingTestsCount>
  <reuseForks default-value="true">${reuseForks}</reuseForks>
  <runOrder default-value="filesystem">${surefire.runOrder}</runOrder>
  <skip default-value="false">${maven.test.skip}</skip>
  <skipExec>${maven.test.skip.exec}</skipExec>
  <skipTests default-value="false">${skipTests}</skipTests>
  <suiteXmlFiles>${surefire.suiteXmlFiles}</suiteXmlFiles>
  <test>${test}</test>
  <testClassesDirectory default-value="${project.build.testOutputDirectory}"/>
  <testFailureIgnore default-value="false">${maven.test.failure.ignore}</testFailureIgnore>
  <testNGArtifactName default-value="org.testng:testng">${testNGArtifactName}</testNGArtifactName>
  <testSourceDirectory default-value="${project.build.testSourceDirectory}"/>
  <threadCount>${threadCount}</threadCount>
  <threadCountClasses default-value="0">${threadCountClasses}</threadCountClasses>
  <threadCountMethods default-value="0">${threadCountMethods}</threadCountMethods>
  <threadCountSuites default-value="0">${threadCountSuites}</threadCountSuites>
  <trimStackTrace default-value="true">${trimStackTrace}</trimStackTrace>
  <useFile default-value="true">${surefire.useFile}</useFile>
  <useManifestOnlyJar default-value="true">${surefire.useManifestOnlyJar}</useManifestOnlyJar>
  <useSystemClassLoader default-value="true">${surefire.useSystemClassLoader}</useSystemClassLoader>
  <useUnlimitedThreads default-value="false">${useUnlimitedThreads}</useUnlimitedThreads>
  <workingDirectory>${basedir}</workingDirectory>
  <project default-value="${project}"/>
  <session default-value="${session}"/>
</configuration>
[DEBUG] -----------------------------------------------------------------------
[DEBUG] Goal:          org.apache.maven.plugins:maven-jar-plugin:2.5:jar (default-jar)
[DEBUG] Style:         Regular
[DEBUG] Configuration: <?xml version="1.0" encoding="UTF-8"?>
<configuration>
  <archive>
    <manifest>
      <mainClass>${start-class}</mainClass>
      <addDefaultImplementationEntries>true</addDefaultImplementationEntries>
    </manifest>
  </archive>
  <classesDirectory default-value="${project.build.outputDirectory}"/>
  <classifier default-value="">${maven.jar.classifier}</classifier>
  <defaultManifestFile default-value="${project.build.outputDirectory}/META-INF/MANIFEST.MF"/>
  <finalName default-value="${project.build.finalName}">${jar.finalName}</finalName>
  <forceCreation default-value="false">${jar.forceCreation}</forceCreation>
  <outputDirectory default-value="${project.build.directory}"/>
  <skipIfEmpty default-value="false">${jar.skipIfEmpty}</skipIfEmpty>
  <useDefaultManifestFile default-value="false">${jar.useDefaultManifestFile}</useDefaultManifestFile>
  <project default-value="${project}"/>
  <session default-value="${session}"/>
</configuration>
[DEBUG] -----------------------------------------------------------------------
[DEBUG] Goal:          org.springframework.boot:spring-boot-maven-plugin:1.3.1.RELEASE:repackage (default)
[DEBUG] Style:         Regular
[DEBUG] Configuration: <?xml version="1.0" encoding="UTF-8"?>
<configuration>
  <excludeArtifactIds default-value="">${excludeArtifactIds}</excludeArtifactIds>
  <excludeDevtools default-value="false"/>
  <excludeGroupIds default-value="">${excludeGroupIds}</excludeGroupIds>
  <executable default-value="false"/>
  <finalName default-value="${project.build.finalName}"/>
  <mainClass>${start-class}</mainClass>
  <outputDirectory default-value="${project.build.directory}"/>
  <project default-value="${project}"/>
  <skip default-value="false">${skip}</skip>
</configuration>
[DEBUG] -----------------------------------------------------------------------
[DEBUG] Goal:          org.apache.maven.plugins:maven-install-plugin:2.5.2:install (default-install)
[DEBUG] Style:         Regular
[DEBUG] Configuration: <?xml version="1.0" encoding="UTF-8"?>
<configuration>
  <artifact default-value="${project.artifact}"/>
  <attachedArtifacts default-value="${project.attachedArtifacts}"/>
  <createChecksum default-value="false">${createChecksum}</createChecksum>
  <installAtEnd default-value="false">${installAtEnd}</installAtEnd>
  <localRepository>${localRepository}</localRepository>
  <packaging default-value="${project.packaging}"/>
  <pomFile default-value="${project.file}"/>
  <project default-value="${project}"/>
  <reactorProjects default-value="${reactorProjects}"/>
  <skip default-value="false">${maven.install.skip}</skip>
  <updateReleaseInfo default-value="false">${updateReleaseInfo}</updateReleaseInfo>
</configuration>
[DEBUG] =======================================================================
[WARNING] The POM for org.slf4j:slf4j-api:jar:1.7.13 is invalid, transitive dependencies (if any) will not be available: 1 problem was encountered while building the effective model
[FATAL] Non-readable POM /home/devmac/.m2/repository/org/slf4j/slf4j-api/1.7.13/slf4j-api-1.7.13.pom: input contained no data @ 

[WARNING] The POM for org.slf4j:jcl-over-slf4j:jar:1.7.13 is invalid, transitive dependencies (if any) will not be available: 1 problem was encountered while building the effective model
[FATAL] Non-readable POM /home/devmac/.m2/repository/org/slf4j/jcl-over-slf4j/1.7.13/jcl-over-slf4j-1.7.13.pom: input contained no data @ 

[WARNING] The POM for org.slf4j:jul-to-slf4j:jar:1.7.13 is invalid, transitive dependencies (if any) will not be available: 1 problem was encountered while building the effective model
[FATAL] Non-readable POM /home/devmac/.m2/repository/org/slf4j/jul-to-slf4j/1.7.13/jul-to-slf4j-1.7.13.pom: input contained no data @ 

[WARNING] The POM for org.slf4j:log4j-over-slf4j:jar:1.7.13 is invalid, transitive dependencies (if any) will not be available: 1 problem was encountered while building the effective model
[FATAL] Non-readable POM /home/devmac/.m2/repository/org/slf4j/log4j-over-slf4j/1.7.13/log4j-over-slf4j-1.7.13.pom: input contained no data @ 

[WARNING] The POM for org.yaml:snakeyaml:jar:1.16 is invalid, transitive dependencies (if any) will not be available: 1 problem was encountered while building the effective model
[FATAL] Non-readable POM /home/devmac/.m2/repository/org/yaml/snakeyaml/1.16/snakeyaml-1.16.pom: input contained no data @ 

[WARNING] The POM for org.aspectj:aspectjweaver:jar:1.8.7 is invalid, transitive dependencies (if any) will not be available: 1 problem was encountered while building the effective model
[FATAL] Non-readable POM /home/devmac/.m2/repository/org/aspectj/aspectjweaver/1.8.7/aspectjweaver-1.8.7.pom: input contained no data @ 

[WARNING] The POM for org.hibernate:hibernate-entitymanager:jar:4.3.11.Final is invalid, transitive dependencies (if any) will not be available: 1 problem was encountered while building the effective model
[FATAL] Non-readable POM /home/devmac/.m2/repository/org/hibernate/hibernate-entitymanager/4.3.11.Final/hibernate-entitymanager-4.3.11.Final.pom: input contained no data @ 

[WARNING] The POM for javax.transaction:javax.transaction-api:jar:1.2 is invalid, transitive dependencies (if any) will not be available: 1 problem was encountered while building the effective model
[FATAL] Non-readable POM /home/devmac/.m2/repository/javax/transaction/javax.transaction-api/1.2/javax.transaction-api-1.2.pom: input contained no data @ 

[WARNING] The POM for org.hibernate:hibernate-validator:jar:5.2.2.Final is invalid, transitive dependencies (if any) will not be available: 1 problem was encountered while building the effective model
[FATAL] Non-readable POM /home/devmac/.m2/repository/org/hibernate/hibernate-validator/5.2.2.Final/hibernate-validator-5.2.2.Final.pom: input contained no data @ 

[DEBUG] io.freeboot:bootstrapplicator:jar:0.0.1-SNAPSHOT
[DEBUG]    org.springframework.boot:spring-boot-starter-data-jpa:jar:1.3.1.RELEASE:compile
[DEBUG]       org.springframework.boot:spring-boot-starter:jar:1.3.1.RELEASE:compile
[DEBUG]          org.springframework.boot:spring-boot:jar:1.3.1.RELEASE:compile
[DEBUG]          org.springframework.boot:spring-boot-autoconfigure:jar:1.3.1.RELEASE:compile
[DEBUG]          org.springframework.boot:spring-boot-starter-logging:jar:1.3.1.RELEASE:compile
[DEBUG]             ch.qos.logback:logback-classic:jar:1.1.3:compile
[DEBUG]                ch.qos.logback:logback-core:jar:1.1.3:compile
[DEBUG]             org.slf4j:jul-to-slf4j:jar:1.7.13:compile
[DEBUG]             org.slf4j:log4j-over-slf4j:jar:1.7.13:compile
[DEBUG]          org.yaml:snakeyaml:jar:1.16:runtime
[DEBUG]       org.springframework.boot:spring-boot-starter-aop:jar:1.3.1.RELEASE:compile
[DEBUG]          org.springframework:spring-aop:jar:4.2.4.RELEASE:compile
[DEBUG]             aopalliance:aopalliance:jar:1.0:compile
[DEBUG]          org.aspectj:aspectjweaver:jar:1.8.7:compile
[DEBUG]       org.springframework.boot:spring-boot-starter-jdbc:jar:1.3.1.RELEASE:compile
[DEBUG]          org.apache.tomcat:tomcat-jdbc:jar:8.0.30:compile
[DEBUG]             org.apache.tomcat:tomcat-juli:jar:8.0.30:compile
[DEBUG]          org.springframework:spring-jdbc:jar:4.2.4.RELEASE:compile
[DEBUG]       org.hibernate:hibernate-entitymanager:jar:4.3.11.Final:compile
[DEBUG]       javax.transaction:javax.transaction-api:jar:1.2:compile
[DEBUG]       org.springframework.data:spring-data-jpa:jar:1.9.2.RELEASE:compile
[DEBUG]          org.springframework.data:spring-data-commons:jar:1.11.2.RELEASE:compile
[DEBUG]          org.springframework:spring-orm:jar:4.2.4.RELEASE:compile (version managed from 4.1.9.RELEASE by org.springframework:spring-framework-bom:4.2.4.RELEASE)
[DEBUG]          org.springframework:spring-context:jar:4.2.4.RELEASE:compile (version managed from 4.1.9.RELEASE by org.springframework:spring-framework-bom:4.2.4.RELEASE)
[DEBUG]          org.springframework:spring-tx:jar:4.2.4.RELEASE:compile (version managed from 4.1.9.RELEASE by org.springframework:spring-framework-bom:4.2.4.RELEASE)
[DEBUG]          org.springframework:spring-beans:jar:4.2.4.RELEASE:compile (version managed from 4.1.9.RELEASE by org.springframework:spring-framework-bom:4.2.4.RELEASE)
[DEBUG]          org.slf4j:slf4j-api:jar:1.7.13:compile
[DEBUG]          org.slf4j:jcl-over-slf4j:jar:1.7.13:compile
[DEBUG]       org.springframework:spring-aspects:jar:4.2.4.RELEASE:compile
[DEBUG]    org.springframework.boot:spring-boot-starter-freemarker:jar:1.3.1.RELEASE:compile
[DEBUG]       org.freemarker:freemarker:jar:2.3.23:compile
[DEBUG]       org.springframework:spring-context-support:jar:4.2.4.RELEASE:compile
[DEBUG]    org.springframework.boot:spring-boot-starter-web:jar:1.3.1.RELEASE:compile
[DEBUG]       org.springframework.boot:spring-boot-starter-tomcat:jar:1.3.1.RELEASE:compile
[DEBUG]          org.apache.tomcat.embed:tomcat-embed-core:jar:8.0.30:compile
[DEBUG]          org.apache.tomcat.embed:tomcat-embed-el:jar:8.0.30:compile
[DEBUG]          org.apache.tomcat.embed:tomcat-embed-logging-juli:jar:8.0.30:compile
[DEBUG]          org.apache.tomcat.embed:tomcat-embed-websocket:jar:8.0.30:compile
[DEBUG]       org.springframework.boot:spring-boot-starter-validation:jar:1.3.1.RELEASE:compile
[DEBUG]          org.hibernate:hibernate-validator:jar:5.2.2.Final:compile
[DEBUG]       com.fasterxml.jackson.core:jackson-databind:jar:2.6.4:compile
[DEBUG]          com.fasterxml.jackson.core:jackson-annotations:jar:2.6.4:compile (version managed from 2.6.0 by org.springframework.boot:spring-boot-dependencies:1.3.1.RELEASE)
[DEBUG]          com.fasterxml.jackson.core:jackson-core:jar:2.6.4:compile
[DEBUG]       org.springframework:spring-web:jar:4.2.4.RELEASE:compile
[DEBUG]       org.springframework:spring-webmvc:jar:4.2.4.RELEASE:compile
[DEBUG]          org.springframework:spring-expression:jar:4.2.4.RELEASE:compile
[DEBUG]    com.h2database:h2:jar:1.4.190:runtime
[DEBUG]    org.apache.commons:commons-lang3:jar:3.4:compile
[DEBUG]    org.springframework.boot:spring-boot-starter-test:jar:1.3.1.RELEASE:test
[DEBUG]       junit:junit:jar:4.12:test
[DEBUG]       org.mockito:mockito-core:jar:1.10.19:test
[DEBUG]          org.objenesis:objenesis:jar:2.1:test
[DEBUG]       org.hamcrest:hamcrest-core:jar:1.3:test
[DEBUG]       org.hamcrest:hamcrest-library:jar:1.3:test
[DEBUG]       org.springframework:spring-core:jar:4.2.4.RELEASE:compile
[DEBUG]       org.springframework:spring-test:jar:4.2.4.RELEASE:test
[DEBUG]    com.google.guava:guava:jar:19.0:compile
[INFO] 
[INFO] --- maven-resources-plugin:2.6:resources (default-resources) @ bootstrapplicator ---
[DEBUG] Created new class realm maven.api
[DEBUG] Importing foreign packages into class realm maven.api
[DEBUG]   Imported: org.apache.maven.cli < plexus.core
[DEBUG]   Imported: org.codehaus.plexus.lifecycle < plexus.core
[DEBUG]   Imported: org.apache.maven.lifecycle < plexus.core
[DEBUG]   Imported: org.apache.maven.repository < plexus.core
[DEBUG]   Imported: org.codehaus.plexus.personality < plexus.core
[DEBUG]   Imported: org.apache.maven.usability < plexus.core
[DEBUG]   Imported: org.codehaus.plexus.configuration < plexus.core
[DEBUG]   Imported: org.sonatype.aether.version < plexus.core
[DEBUG]   Imported: org.sonatype.aether.* < plexus.core
[DEBUG]   Imported: org.sonatype.aether.artifact < plexus.core
[DEBUG]   Imported: org.apache.maven.* < plexus.core
[DEBUG]   Imported: org.apache.maven.project < plexus.core
[DEBUG]   Imported: org.sonatype.aether.repository < plexus.core
[DEBUG]   Imported: org.sonatype.aether.impl < plexus.core
[DEBUG]   Imported: org.apache.maven.exception < plexus.core
[DEBUG]   Imported: org.apache.maven.plugin < plexus.core
[DEBUG]   Imported: org.sonatype.aether.collection < plexus.core
[DEBUG]   Imported: org.codehaus.plexus.* < plexus.core
[DEBUG]   Imported: org.codehaus.plexus.logging < plexus.core
[DEBUG]   Imported: org.apache.maven.profiles < plexus.core
[DEBUG]   Imported: org.sonatype.aether.metadata < plexus.core
[DEBUG]   Imported: org.sonatype.aether.spi < plexus.core
[DEBUG]   Imported: org.codehaus.plexus.util.xml.pull.XmlPullParserException < plexus.core
[DEBUG]   Imported: org.apache.maven.wagon.* < plexus.core
[DEBUG]   Imported: org.sonatype.aether.graph < plexus.core
[DEBUG]   Imported: org.apache.maven.rtinfo < plexus.core
[DEBUG]   Imported: org.sonatype.aether.installation < plexus.core
[DEBUG]   Imported: org.apache.maven.monitor < plexus.core
[DEBUG]   Imported: org.sonatype.aether.transfer < plexus.core
[DEBUG]   Imported: org.codehaus.plexus.context < plexus.core
[DEBUG]   Imported: org.apache.maven.wagon.observers < plexus.core
[DEBUG]   Imported: org.apache.maven.wagon.resource < plexus.core
[DEBUG]   Imported: org.sonatype.aether.deployment < plexus.core
[DEBUG]   Imported: org.apache.maven.model < plexus.core
[DEBUG]   Imported: org.codehaus.plexus.util.xml.Xpp3Dom < plexus.core
[DEBUG]   Imported: org.apache.maven.artifact < plexus.core
[DEBUG]   Imported: org.apache.maven.toolchain < plexus.core
[DEBUG]   Imported: org.codehaus.plexus.util.xml.pull.XmlSerializer < plexus.core
[DEBUG]   Imported: org.apache.maven.settings < plexus.core
[DEBUG]   Imported: org.apache.maven.wagon.authorization < plexus.core
[DEBUG]   Imported: org.apache.maven.wagon.events < plexus.core
[DEBUG]   Imported: org.apache.maven.wagon.authentication < plexus.core
[DEBUG]   Imported: org.apache.maven.reporting < plexus.core
[DEBUG]   Imported: org.apache.maven.wagon.repository < plexus.core
[DEBUG]   Imported: org.apache.maven.configuration < plexus.core
[DEBUG]   Imported: org.codehaus.plexus.classworlds < plexus.core
[DEBUG]   Imported: org.codehaus.classworlds < plexus.core
[DEBUG]   Imported: org.codehaus.plexus.util.xml.pull.XmlPullParser < plexus.core
[DEBUG]   Imported: org.apache.maven.classrealm < plexus.core
[DEBUG]   Imported: org.sonatype.aether.resolution < plexus.core
[DEBUG]   Imported: org.apache.maven.execution < plexus.core
[DEBUG]   Imported: org.apache.maven.wagon.proxy < plexus.core
[DEBUG]   Imported: org.codehaus.plexus.container < plexus.core
[DEBUG]   Imported: org.codehaus.plexus.component < plexus.core
[DEBUG] Populating class realm maven.api
[DEBUG] org.apache.maven.plugins:maven-resources-plugin:jar:2.6:
[DEBUG]    org.apache.maven:maven-plugin-api:jar:2.0.6:compile
[DEBUG]    org.apache.maven:maven-project:jar:2.0.6:compile
[DEBUG]       org.apache.maven:maven-profile:jar:2.0.6:compile
[DEBUG]       org.apache.maven:maven-artifact-manager:jar:2.0.6:compile
[DEBUG]       org.apache.maven:maven-plugin-registry:jar:2.0.6:compile
[DEBUG]    org.apache.maven:maven-core:jar:2.0.6:compile
[DEBUG]       org.apache.maven:maven-plugin-parameter-documenter:jar:2.0.6:compile
[DEBUG]       org.apache.maven.reporting:maven-reporting-api:jar:2.0.6:compile
[DEBUG]          org.apache.maven.doxia:doxia-sink-api:jar:1.0-alpha-7:compile
[DEBUG]       org.apache.maven:maven-repository-metadata:jar:2.0.6:compile
[DEBUG]       org.apache.maven:maven-error-diagnostics:jar:2.0.6:compile
[DEBUG]       commons-cli:commons-cli:jar:1.0:compile
[DEBUG]       org.apache.maven:maven-plugin-descriptor:jar:2.0.6:compile
[DEBUG]       org.codehaus.plexus:plexus-interactivity-api:jar:1.0-alpha-4:compile
[DEBUG]       classworlds:classworlds:jar:1.1:compile
[DEBUG]    org.apache.maven:maven-artifact:jar:2.0.6:compile
[DEBUG]    org.apache.maven:maven-settings:jar:2.0.6:compile
[DEBUG]    org.apache.maven:maven-model:jar:2.0.6:compile
[DEBUG]    org.apache.maven:maven-monitor:jar:2.0.6:compile
[DEBUG]    org.codehaus.plexus:plexus-container-default:jar:1.0-alpha-9-stable-1:compile
[DEBUG]       junit:junit:jar:3.8.1:compile
[DEBUG]    org.codehaus.plexus:plexus-utils:jar:2.0.5:compile
[DEBUG]    org.apache.maven.shared:maven-filtering:jar:1.1:compile
[DEBUG]       org.sonatype.plexus:plexus-build-api:jar:0.0.4:compile
[DEBUG]    org.codehaus.plexus:plexus-interpolation:jar:1.13:compile
[DEBUG] Created new class realm plugin>org.apache.maven.plugins:maven-resources-plugin:2.6
[DEBUG] Importing foreign packages into class realm plugin>org.apache.maven.plugins:maven-resources-plugin:2.6
[DEBUG]   Imported:  < maven.api
[DEBUG] Populating class realm plugin>org.apache.maven.plugins:maven-resources-plugin:2.6
[DEBUG]   Included: org.apache.maven.plugins:maven-resources-plugin:jar:2.6
[DEBUG]   Included: org.apache.maven.reporting:maven-reporting-api:jar:2.0.6
[DEBUG]   Included: org.apache.maven.doxia:doxia-sink-api:jar:1.0-alpha-7
[DEBUG]   Included: commons-cli:commons-cli:jar:1.0
[DEBUG]   Included: org.codehaus.plexus:plexus-interactivity-api:jar:1.0-alpha-4
[DEBUG]   Included: junit:junit:jar:3.8.1
[DEBUG]   Included: org.codehaus.plexus:plexus-utils:jar:2.0.5
[DEBUG]   Included: org.apache.maven.shared:maven-filtering:jar:1.1
[DEBUG]   Included: org.sonatype.plexus:plexus-build-api:jar:0.0.4
[DEBUG]   Included: org.codehaus.plexus:plexus-interpolation:jar:1.13
[DEBUG]   Excluded: org.apache.maven:maven-plugin-api:jar:2.0.6
[DEBUG]   Excluded: org.apache.maven:maven-project:jar:2.0.6
[DEBUG]   Excluded: org.apache.maven:maven-profile:jar:2.0.6
[DEBUG]   Excluded: org.apache.maven:maven-artifact-manager:jar:2.0.6
[DEBUG]   Excluded: org.apache.maven:maven-plugin-registry:jar:2.0.6
[DEBUG]   Excluded: org.apache.maven:maven-core:jar:2.0.6
[DEBUG]   Excluded: org.apache.maven:maven-plugin-parameter-documenter:jar:2.0.6
[DEBUG]   Excluded: org.apache.maven:maven-repository-metadata:jar:2.0.6
[DEBUG]   Excluded: org.apache.maven:maven-error-diagnostics:jar:2.0.6
[DEBUG]   Excluded: org.apache.maven:maven-plugin-descriptor:jar:2.0.6
[DEBUG]   Excluded: classworlds:classworlds:jar:1.1
[DEBUG]   Excluded: org.apache.maven:maven-artifact:jar:2.0.6
[DEBUG]   Excluded: org.apache.maven:maven-settings:jar:2.0.6
[DEBUG]   Excluded: org.apache.maven:maven-model:jar:2.0.6
[DEBUG]   Excluded: org.apache.maven:maven-monitor:jar:2.0.6
[DEBUG]   Excluded: org.codehaus.plexus:plexus-container-default:jar:1.0-alpha-9-stable-1
[DEBUG] Configuring mojo org.apache.maven.plugins:maven-resources-plugin:2.6:resources from plugin realm ClassRealm[plugin>org.apache.maven.plugins:maven-resources-plugin:2.6, parent: sun.misc.Launcher$AppClassLoader@70dea4e]
[DEBUG] Configuring mojo 'org.apache.maven.plugins:maven-resources-plugin:2.6:resources' with basic configurator -->
[DEBUG]   (f) buildFilters = []
[DEBUG]   (s) delimiters = [@]
[DEBUG]   (f) encoding = UTF-8
[DEBUG]   (f) escapeWindowsPaths = true
[DEBUG]   (s) includeEmptyDirs = false
[DEBUG]   (s) outputDirectory = /home/devmac/workspace/freeboot/bootstrapplicator/target/classes
[DEBUG]   (s) overwrite = false
[DEBUG]   (f) project = MavenProject: io.freeboot:bootstrapplicator:0.0.1-SNAPSHOT @ /home/devmac/workspace/freeboot/bootstrapplicator/pom.xml
[DEBUG]   (s) resources = [Resource {targetPath: null, filtering: true, FileSet {directory: /home/devmac/workspace/freeboot/bootstrapplicator/src/main/resources, PatternSet [includes: {**/application.yml, **/application.properties}, excludes: {}]}}, Resource {targetPath: null, filtering: false, FileSet {directory: /home/devmac/workspace/freeboot/bootstrapplicator/src/main/resources, PatternSet [includes: {}, excludes: {**/application.yml, **/application.properties}]}}]
[DEBUG]   (f) session = org.apache.maven.execution.MavenSession@2f17e30d
[DEBUG]   (f) supportMultiLineFiltering = false
[DEBUG]   (f) useBuildFilters = true
[DEBUG]   (s) useDefaultDelimiters = false
[DEBUG] -- end configuration --
[DEBUG] properties used {spring-batch.version=3.0.6.RELEASE, env.DESKTOP_SESSION=gnome-fallback-compiz, env.OLDPWD=/home/devmac/workspace/freeboot/bootstrapplicator, file.encoding.pkg=sun.io, env.SELINUX_INIT=YES, undertow.version=1.3.10.Final, httpclient.version=4.5.1, webjars-locator.version=0.28, java.home=/usr/lib/jvm/java-8-oracle/jre, hibernate.version=4.3.11.Final, spring-security-oauth.version=2.0.8.RELEASE, groovy.version=2.4.4, env.GDM_LANG=en_NZ, env.DISPLAY=:0.0, env.LS_COLORS=rs=0:di=01;34:ln=01;36:mh=00:pi=40;33:so=01;35:do=01;35:bd=40;33;01:cd=40;33;01:or=40;31;01:su=37;41:sg=30;43:ca=30;41:tw=30;42:ow=34;42:st=37;44:ex=01;32:*.tar=01;31:*.tgz=01;31:*.arj=01;31:*.taz=01;31:*.lzh=01;31:*.lzma=01;31:*.tlz=01;31:*.txz=01;31:*.zip=01;31:*.z=01;31:*.Z=01;31:*.dz=01;31:*.gz=01;31:*.lz=01;31:*.xz=01;31:*.bz2=01;31:*.bz=01;31:*.tbz=01;31:*.tbz2=01;31:*.tz=01;31:*.deb=01;31:*.rpm=01;31:*.jar=01;31:*.war=01;31:*.ear=01;31:*.sar=01;31:*.rar=01;31:*.ace=01;31:*.zoo=01;31:*.cpio=01;31:*.7z=01;31:*.rz=01;31:*.jpg=01;35:*.jpeg=01;35:*.gif=01;35:*.bmp=01;35:*.pbm=01;35:*.pgm=01;35:*.ppm=01;35:*.tga=01;35:*.xbm=01;35:*.xpm=01;35:*.tif=01;35:*.tiff=01;35:*.png=01;35:*.svg=01;35:*.svgz=01;35:*.mng=01;35:*.pcx=01;35:*.mov=01;35:*.mpg=01;35:*.mpeg=01;35:*.m2v=01;35:*.mkv=01;35:*.webm=01;35:*.ogm=01;35:*.mp4=01;35:*.m4v=01;35:*.mp4v=01;35:*.vob=01;35:*.qt=01;35:*.nuv=01;35:*.wmv=01;35:*.asf=01;35:*.rm=01;35:*.rmvb=01;35:*.flc=01;35:*.avi=01;35:*.fli=01;35:*.flv=01;35:*.gl=01;35:*.dl=01;35:*.xcf=01;35:*.xwd=01;35:*.yuv=01;35:*.cgm=01;35:*.emf=01;35:*.axv=01;35:*.anx=01;35:*.ogv=01;35:*.ogx=01;35:*.aac=00;36:*.au=00;36:*.flac=00;36:*.mid=00;36:*.midi=00;36:*.mka=00;36:*.mp3=00;36:*.mpc=00;36:*.ogg=00;36:*.ra=00;36:*.wav=00;36:*.axa=00;36:*.oga=00;36:*.spx=00;36:*.xspf=00;36:, env.XDG_VTNR=7, spring-social-linkedin.version=1.0.2.RELEASE, classworlds.conf=/usr/share/maven/bin/m2.conf, env.XDG_GREETER_DATA_DIR=/var/lib/lightdm-data/devmac, java.endorsed.dirs=/usr/lib/jvm/java-8-oracle/jre/lib/endorsed, jmustache.version=1.11, env.LOGNAME=devmac, spring-cloud-connectors.version=1.2.1.RELEASE, env.UBUNTU_MENUPROXY=0, mockito.version=1.10.19, env.XDG_SEAT=seat0, env.SESSION_MANAGER=local/Java-8-Dev-Machine:@/tmp/.ICE-unix/1565,unix/Java-8-Dev-Machine:/tmp/.ICE-unix/1565, json.version=20140107, sun.os.patch.level=unknown, java.vendor.url=http://java.oracle.com/, env.XDG_SEAT_PATH=/org/freedesktop/DisplayManager/Seat0, env.MANDATORY_PATH=/usr/share/gconf/gnome-fallback-compiz.mandatory.path, bitronix.version=2.1.4, java.version=1.8.0_66, commons-beanutils.version=1.9.2, atomikos.version=3.9.3, gradle.version=1.12, jersey.version=2.22.1, jaxen.version=1.1.6, java.vendor.url.bug=http://bugreport.sun.com/bugreport/, env.LANGUAGE=en_NZ:en, env.XDG_MENU_PREFIX=gnome-flashback-, sun-mail.version=1.5.4, env.XDG_DATA_DIRS=/usr/share/gnome-fallback-compiz:/usr/share/gnome:/usr/local/share/:/usr/share/, wsdl4j.version=1.6.3, jedis.version=2.7.3, env.GNOME_KEYRING_CONTROL=/run/user/1000/keyring-TarvtP, javax-mail.version=1.5.4, env.UPSTART_SESSION=unix:abstract=/com/ubuntu/upstart-session/1000/1345, user.name=devmac, env.LANG=en_NZ.UTF-8, sun.io.unicode.encoding=UnicodeLittle, sun.jnu.encoding=UTF-8, env.DBUS_SESSION_BUS_ADDRESS=unix:abstract=/tmp/dbus-MaQGBtU00h, java.runtime.name=Java(TM) SE Runtime Environment, activemq.version=5.12.1, spring-security-jwt.version=1.0.3.RELEASE, spring-mobile.version=1.1.5.RELEASE, commons-dbcp.version=1.4, java.specification.name=Java Platform API Specification, log4j2.version=2.4.1, aspectj.version=1.8.7, user.timezone=, janino.version=2.7.8, env.LESSOPEN=| /usr/bin/lesspipe %s, path.separator=:, tomcat.version=8.0.30, postgresql.version=9.4-1206-jdbc41, env.XMODIFIERS=@im=ibus, file.encoding=UTF-8, statsd-client.version=3.1.0, env.HOME=/home/devmac, sun.java.command=org.codehaus.plexus.classworlds.launcher.Launcher -X install, velocity.version=1.7, spring-social-twitter.version=1.1.2.RELEASE, flyway.version=3.2.1, snakeyaml.version=1.16, thymeleaf-extras-conditionalcomments.version=2.1.1.RELEASE, resource.delimiter=@, hikaricp.version=2.4.3, nekohtml.version=1.9.22, env._=/usr/bin/mvn, java.io.tmpdir=/tmp, javax-transaction.version=1.2, hazelcast.version=3.5.4, env.GNOME_KEYRING_PID=1512, mariadb.version=1.2.3, glassfish-el.version=3.0.0, user.language=en, line.separator=
, crashub.version=1.3.2, spring-security.version=4.0.3.RELEASE, spring-social.version=1.1.4.RELEASE, solr.version=4.10.4, env.CLUTTER_IM_MODULE=xim, gemfire.version=8.1.0, java.vm.info=mixed mode, sun.desktop=gnome, java.vm.specification.name=Java Virtual Machine Specification, servlet-api.version=3.1.0, project.reporting.outputEncoding=UTF-8, joda-time.version=2.8.2, hibernate-validator.version=5.2.2.Final, jaybird.version=2.2.9, env.COLORTERM=gnome-terminal, commons-collections.version=3.2.2, liquibase.version=3.4.2, env.TEXTDOMAIN=im-config, hikaricp-java6.version=2.3.12, env.IM_CONFIG_PHASE=1, embedded-mongo.version=1.50.1, hornetq.version=2.4.7.Final, env.GDMSESSION=gnome-fallback-compiz, spring-integration.version=4.2.4.RELEASE, java.awt.printerjob=sun.print.PSPrinterJob, mongodb.version=2.13.3, env.VTE_VERSION=3409, env.DEFAULTS_PATH=/usr/share/gconf/gnome-fallback-compiz.default.path, antlr2.version=2.7.7, env.WINDOWID=60817419, jetty.version=9.2.14.v20151106, ehcache.version=2.10.1, env.XDG_SESSION_PATH=/org/freedesktop/DisplayManager/Session0, env.JOB=dbus, spring-retry.version=1.1.2.RELEASE, os.name=Linux, java.specification.vendor=Oracle Corporation, env.TERM=xterm, java.vm.name=Java HotSpot(TM) 64-Bit Server VM, simple-json.version=1.1.1, env.QT_IM_MODULE=ibus, java.library.path=/usr/java/packages/lib/amd64:/usr/lib64:/lib64:/lib:/usr/lib, env.PATH=/usr/local/sbin:/usr/local/bin:/usr/sbin:/usr/bin:/sbin:/bin:/usr/games:/usr/local/games, env.LESSCLOSE=/usr/bin/lesspipe %s %s, env.TEXTDOMAINDIR=/usr/share/locale/, java.class.version=52.0, spring-boot.version=1.3.1.RELEASE, env.SHLVL=1, infinispan.version=8.0.2.Final, freemarker.version=2.3.23, httpasyncclient.version=4.1.1, thymeleaf-extras-springsecurity4.version=2.1.2.RELEASE, spring-social-facebook.version=2.0.3.RELEASE, artemis.version=1.1.0, spring-plugin.version=1.2.0.RELEASE, spring.version=4.2.4.RELEASE, project.build.sourceEncoding=UTF-8, sun.boot.library.path=/usr/lib/jvm/java-8-oracle/jre/lib/amd64, sun.management.compiler=HotSpot 64-Bit Tiered Compilers, java.awt.graphicsenv=sun.awt.X11GraphicsEnvironment, env.USER=devmac, commons-dbcp2.version=2.1.1, env.GTK_IM_MODULE=ibus, env.GTK_MODULES=overlay-scrollbar:unity-gtk-module, hamcrest.version=1.3, junit.version=4.12, javax-cache.version=1.0.0, env.SESSIONTYPE=gnome-session, java.vm.specification.version=1.8, env.NLSPATH=/usr/dt/lib/nls/msg/%L/%N.cat, mysql.version=5.1.38, slf4j.version=1.7.13, awt.toolkit=sun.awt.X11.XToolkit, sun.cpu.isalist=, java.ext.dirs=/usr/lib/jvm/java-8-oracle/jre/lib/ext:/usr/java/packages/lib/ext, derby.version=10.12.1.1, os.version=3.19.0-25-generic, env.QT_QPA_PLATFORMTHEME=appmenu-qt5, velocity-tools.version=2.0, thymeleaf-layout-dialect.version=1.3.1, env.XDG_CURRENT_DESKTOP=Unity, user.home=/home/devmac, java.vm.vendor=Oracle Corporation, jooq.version=3.7.1, logback.version=1.1.3, env.JAVA_HOME=/usr/lib/jvm/java-8-oracle, env.SESSION=gnome-fallback-compiz, env.XDG_SESSION_ID=c1, env.XAUTHORITY=/home/devmac/.Xauthority, user.dir=/home/devmac/workspace/freeboot/bootstrapplicator, env.XFILESEARCHPATH=/usr/dt/app-defaults/%L/Dt, env.PWD=/home/devmac/workspace/freeboot/bootstrapplicator, spring-restdocs.version=1.0.1.RELEASE, log4j.version=1.2.17, jsonassert.version=1.2.3, spring-session.version=1.0.2.RELEASE, elasticsearch.version=1.5.2, sun.cpu.endian=little, httpcore.version=4.4.4, java.vm.version=25.66-b17, java.class.path=/usr/share/maven/boot/plexus-classworlds-2.x.jar, thymeleaf-extras-data-attribute.version=1.3, jdom2.version=2.0.6, jetty-jsp.version=2.2.0.v201112011158, javassist.version=3.18.1-GA, os.arch=amd64, maven.build.version=Apache Maven 3.0.5, json-path.version=2.0.0, spring-hateoas.version=0.19.0.RELEASE, sendgrid.version=2.2.2, spring-data-releasetrain.version=Gosling-SR2A, sun.java.launcher=SUN_STANDARD, spring-ws.version=2.2.3.RELEASE, dropwizard-metrics.version=3.1.2, commons-pool.version=1.6, jboss-logging.version=3.3.0.Final, jstl.version=1.2, java.vm.specification.vendor=Oracle Corporation, webjars-hal-browser.version=9f96c74, file.separator=/, gson.version=2.3.1, h2.version=1.4.190, cassandra-driver.version=2.1.9, java.runtime.version=1.8.0_66-b17, jolokia.version=1.3.2, sun.boot.class.path=/usr/lib/jvm/java-8-oracle/jre/lib/resources.jar:/usr/lib/jvm/java-8-oracle/jre/lib/rt.jar:/usr/lib/jvm/java-8-oracle/jre/lib/sunrsasign.jar:/usr/lib/jvm/java-8-oracle/jre/lib/jsse.jar:/usr/lib/jvm/java-8-oracle/jre/lib/jce.jar:/usr/lib/jvm/java-8-oracle/jre/lib/charsets.jar:/usr/lib/jvm/java-8-oracle/jre/lib/jfr.jar:/usr/lib/jvm/java-8-oracle/jre/classes, env.SSH_AUTH_SOCK=/run/user/1000/keyring-TarvtP/ssh, commons-digester.version=2.1, env.QT4_IM_MODULE=xim, env.XDG_RUNTIME_DIR=/run/user/1000, env.XDG_CONFIG_DIRS=/etc/xdg/xdg-gnome-fallback-compiz:/usr/share/upstart/xdg:/etc/xdg, jackson.version=2.6.4, maven.version=3.0.5, user.country=NZ, env.SHELL=/bin/bash, maven.home=/usr/share/maven, env.INSTANCE=, maven.compiler.target=1.8, thymeleaf.version=2.1.4.RELEASE, reactor-spring.version=2.0.7.RELEASE, spring-loaded.version=1.2.5.RELEASE, commons-pool2.version=2.4.2, spock.version=1.0-groovy-2.4, reactor.version=2.0.7.RELEASE, java.vendor=Oracle Corporation, env.GPG_AGENT_INFO=/run/user/1000/keyring-TarvtP/gpg:0:1, spring-amqp.version=1.5.2.RELEASE, maven.compiler.source=1.8, hsqldb.version=2.3.3, java.specification.version=1.8, sun.arch.data.model=64, env.GNOME_DESKTOP_SESSION_ID=this-is-deprecated}
[INFO] Using 'UTF-8' encoding to copy filtered resources.
[DEBUG] resource with targetPath null
directory /home/devmac/workspace/freeboot/bootstrapplicator/src/main/resources
excludes []
includes [**/application.yml, **/application.properties]
[DEBUG] ignoreDelta true
[INFO] Copying 1 resource
[DEBUG] file application.properties has a filtered file extension
[DEBUG] filtering /home/devmac/workspace/freeboot/bootstrapplicator/src/main/resources/application.properties to /home/devmac/workspace/freeboot/bootstrapplicator/target/classes/application.properties
[DEBUG] resource with targetPath null
directory /home/devmac/workspace/freeboot/bootstrapplicator/src/main/resources
excludes [**/application.yml, **/application.properties]
includes []
[DEBUG] ignoreDelta true
[INFO] Copying 4 resources
[DEBUG] file entity-model.ftl has a filtered file extension
[DEBUG] copy /home/devmac/workspace/freeboot/bootstrapplicator/src/main/resources/templates/entity-model.ftl to /home/devmac/workspace/freeboot/bootstrapplicator/target/classes/templates/entity-model.ftl
[DEBUG] file output.ftl has a filtered file extension
[DEBUG] copy /home/devmac/workspace/freeboot/bootstrapplicator/src/main/resources/templates/output.ftl to /home/devmac/workspace/freeboot/bootstrapplicator/target/classes/templates/output.ftl
[DEBUG] file navbar.ftl has a filtered file extension
[DEBUG] copy /home/devmac/workspace/freeboot/bootstrapplicator/src/main/resources/templates/navbar.ftl to /home/devmac/workspace/freeboot/bootstrapplicator/target/classes/templates/navbar.ftl
[DEBUG] file freeboot.ftl has a filtered file extension
[DEBUG] copy /home/devmac/workspace/freeboot/bootstrapplicator/src/main/resources/templates/freeboot.ftl to /home/devmac/workspace/freeboot/bootstrapplicator/target/classes/templates/freeboot.ftl
[DEBUG] no use filter components
[INFO] 
[INFO] --- maven-compiler-plugin:3.1:compile (default-compile) @ bootstrapplicator ---
[DEBUG] org.apache.maven.plugins:maven-compiler-plugin:jar:3.1:
[DEBUG]    org.apache.maven:maven-plugin-api:jar:2.0.9:compile
[DEBUG]    org.apache.maven:maven-artifact:jar:2.0.9:compile
[DEBUG]       org.codehaus.plexus:plexus-utils:jar:1.5.1:compile
[DEBUG]    org.apache.maven:maven-core:jar:2.0.9:compile
[DEBUG]       org.apache.maven:maven-settings:jar:2.0.9:compile
[DEBUG]       org.apache.maven:maven-plugin-parameter-documenter:jar:2.0.9:compile
[DEBUG]       org.apache.maven:maven-profile:jar:2.0.9:compile
[DEBUG]       org.apache.maven:maven-model:jar:2.0.9:compile
[DEBUG]       org.apache.maven:maven-repository-metadata:jar:2.0.9:compile
[DEBUG]       org.apache.maven:maven-error-diagnostics:jar:2.0.9:compile
[DEBUG]       org.apache.maven:maven-project:jar:2.0.9:compile
[DEBUG]          org.apache.maven:maven-plugin-registry:jar:2.0.9:compile
[DEBUG]       org.apache.maven:maven-plugin-descriptor:jar:2.0.9:compile
[DEBUG]       org.apache.maven:maven-artifact-manager:jar:2.0.9:compile
[DEBUG]       org.apache.maven:maven-monitor:jar:2.0.9:compile
[DEBUG]    org.apache.maven:maven-toolchain:jar:1.0:compile
[DEBUG]    org.apache.maven.shared:maven-shared-utils:jar:0.1:compile
[DEBUG]       com.google.code.findbugs:jsr305:jar:2.0.1:compile
[DEBUG]    org.apache.maven.shared:maven-shared-incremental:jar:1.1:compile
[DEBUG]       org.codehaus.plexus:plexus-component-annotations:jar:1.5.5:compile
[DEBUG]    org.codehaus.plexus:plexus-compiler-api:jar:2.2:compile
[DEBUG]    org.codehaus.plexus:plexus-compiler-manager:jar:2.2:compile
[DEBUG]    org.codehaus.plexus:plexus-compiler-javac:jar:2.2:runtime
[DEBUG]    org.codehaus.plexus:plexus-container-default:jar:1.5.5:compile
[DEBUG]       org.codehaus.plexus:plexus-classworlds:jar:2.2.2:compile
[DEBUG]       org.apache.xbean:xbean-reflect:jar:3.4:compile
[DEBUG]          log4j:log4j:jar:1.2.12:compile
[DEBUG]          commons-logging:commons-logging-api:jar:1.1:compile
[DEBUG]       com.google.collections:google-collections:jar:1.0:compile
[DEBUG]       junit:junit:jar:3.8.2:compile
[DEBUG] Created new class realm plugin>org.apache.maven.plugins:maven-compiler-plugin:3.1
[DEBUG] Importing foreign packages into class realm plugin>org.apache.maven.plugins:maven-compiler-plugin:3.1
[DEBUG]   Imported:  < maven.api
[DEBUG] Populating class realm plugin>org.apache.maven.plugins:maven-compiler-plugin:3.1
[DEBUG]   Included: org.apache.maven.plugins:maven-compiler-plugin:jar:3.1
[DEBUG]   Included: org.codehaus.plexus:plexus-utils:jar:1.5.1
[DEBUG]   Included: org.apache.maven.shared:maven-shared-utils:jar:0.1
[DEBUG]   Included: com.google.code.findbugs:jsr305:jar:2.0.1
[DEBUG]   Included: org.apache.maven.shared:maven-shared-incremental:jar:1.1
[DEBUG]   Included: org.codehaus.plexus:plexus-component-annotations:jar:1.5.5
[DEBUG]   Included: org.codehaus.plexus:plexus-compiler-api:jar:2.2
[DEBUG]   Included: org.codehaus.plexus:plexus-compiler-manager:jar:2.2
[DEBUG]   Included: org.codehaus.plexus:plexus-compiler-javac:jar:2.2
[DEBUG]   Included: org.apache.xbean:xbean-reflect:jar:3.4
[DEBUG]   Included: log4j:log4j:jar:1.2.12
[DEBUG]   Included: commons-logging:commons-logging-api:jar:1.1
[DEBUG]   Included: com.google.collections:google-collections:jar:1.0
[DEBUG]   Included: junit:junit:jar:3.8.2
[DEBUG]   Excluded: org.apache.maven:maven-plugin-api:jar:2.0.9
[DEBUG]   Excluded: org.apache.maven:maven-artifact:jar:2.0.9
[DEBUG]   Excluded: org.apache.maven:maven-core:jar:2.0.9
[DEBUG]   Excluded: org.apache.maven:maven-settings:jar:2.0.9
[DEBUG]   Excluded: org.apache.maven:maven-plugin-parameter-documenter:jar:2.0.9
[DEBUG]   Excluded: org.apache.maven:maven-profile:jar:2.0.9
[DEBUG]   Excluded: org.apache.maven:maven-model:jar:2.0.9
[DEBUG]   Excluded: org.apache.maven:maven-repository-metadata:jar:2.0.9
[DEBUG]   Excluded: org.apache.maven:maven-error-diagnostics:jar:2.0.9
[DEBUG]   Excluded: org.apache.maven:maven-project:jar:2.0.9
[DEBUG]   Excluded: org.apache.maven:maven-plugin-registry:jar:2.0.9
[DEBUG]   Excluded: org.apache.maven:maven-plugin-descriptor:jar:2.0.9
[DEBUG]   Excluded: org.apache.maven:maven-artifact-manager:jar:2.0.9
[DEBUG]   Excluded: org.apache.maven:maven-monitor:jar:2.0.9
[DEBUG]   Excluded: org.apache.maven:maven-toolchain:jar:1.0
[DEBUG]   Excluded: org.codehaus.plexus:plexus-container-default:jar:1.5.5
[DEBUG]   Excluded: org.codehaus.plexus:plexus-classworlds:jar:2.2.2
[DEBUG] Configuring mojo org.apache.maven.plugins:maven-compiler-plugin:3.1:compile from plugin realm ClassRealm[plugin>org.apache.maven.plugins:maven-compiler-plugin:3.1, parent: sun.misc.Launcher$AppClassLoader@70dea4e]
[DEBUG] Configuring mojo 'org.apache.maven.plugins:maven-compiler-plugin:3.1:compile' with basic configurator -->
[DEBUG]   (f) basedir = /home/devmac/workspace/freeboot/bootstrapplicator
[DEBUG]   (f) buildDirectory = /home/devmac/workspace/freeboot/bootstrapplicator/target
[DEBUG]   (f) classpathElements = [/home/devmac/workspace/freeboot/bootstrapplicator/target/classes, /home/devmac/.m2/repository/org/springframework/boot/spring-boot-starter-data-jpa/1.3.1.RELEASE/spring-boot-starter-data-jpa-1.3.1.RELEASE.jar, /home/devmac/.m2/repository/org/springframework/boot/spring-boot-starter/1.3.1.RELEASE/spring-boot-starter-1.3.1.RELEASE.jar, /home/devmac/.m2/repository/org/springframework/boot/spring-boot/1.3.1.RELEASE/spring-boot-1.3.1.RELEASE.jar, /home/devmac/.m2/repository/org/springframework/boot/spring-boot-autoconfigure/1.3.1.RELEASE/spring-boot-autoconfigure-1.3.1.RELEASE.jar, /home/devmac/.m2/repository/org/springframework/boot/spring-boot-starter-logging/1.3.1.RELEASE/spring-boot-starter-logging-1.3.1.RELEASE.jar, /home/devmac/.m2/repository/ch/qos/logback/logback-classic/1.1.3/logback-classic-1.1.3.jar, /home/devmac/.m2/repository/ch/qos/logback/logback-core/1.1.3/logback-core-1.1.3.jar, /home/devmac/.m2/repository/org/slf4j/jul-to-slf4j/1.7.13/jul-to-slf4j-1.7.13.jar, /home/devmac/.m2/repository/org/slf4j/log4j-over-slf4j/1.7.13/log4j-over-slf4j-1.7.13.jar, /home/devmac/.m2/repository/org/springframework/boot/spring-boot-starter-aop/1.3.1.RELEASE/spring-boot-starter-aop-1.3.1.RELEASE.jar, /home/devmac/.m2/repository/org/springframework/spring-aop/4.2.4.RELEASE/spring-aop-4.2.4.RELEASE.jar, /home/devmac/.m2/repository/aopalliance/aopalliance/1.0/aopalliance-1.0.jar, /home/devmac/.m2/repository/org/aspectj/aspectjweaver/1.8.7/aspectjweaver-1.8.7.jar, /home/devmac/.m2/repository/org/springframework/boot/spring-boot-starter-jdbc/1.3.1.RELEASE/spring-boot-starter-jdbc-1.3.1.RELEASE.jar, /home/devmac/.m2/repository/org/apache/tomcat/tomcat-jdbc/8.0.30/tomcat-jdbc-8.0.30.jar, /home/devmac/.m2/repository/org/apache/tomcat/tomcat-juli/8.0.30/tomcat-juli-8.0.30.jar, /home/devmac/.m2/repository/org/springframework/spring-jdbc/4.2.4.RELEASE/spring-jdbc-4.2.4.RELEASE.jar, /home/devmac/.m2/repository/org/hibernate/hibernate-entitymanager/4.3.11.Final/hibernate-entitymanager-4.3.11.Final.jar, /home/devmac/.m2/repository/javax/transaction/javax.transaction-api/1.2/javax.transaction-api-1.2.jar, /home/devmac/.m2/repository/org/springframework/data/spring-data-jpa/1.9.2.RELEASE/spring-data-jpa-1.9.2.RELEASE.jar, /home/devmac/.m2/repository/org/springframework/data/spring-data-commons/1.11.2.RELEASE/spring-data-commons-1.11.2.RELEASE.jar, /home/devmac/.m2/repository/org/springframework/spring-orm/4.2.4.RELEASE/spring-orm-4.2.4.RELEASE.jar, /home/devmac/.m2/repository/org/springframework/spring-context/4.2.4.RELEASE/spring-context-4.2.4.RELEASE.jar, /home/devmac/.m2/repository/org/springframework/spring-tx/4.2.4.RELEASE/spring-tx-4.2.4.RELEASE.jar, /home/devmac/.m2/repository/org/springframework/spring-beans/4.2.4.RELEASE/spring-beans-4.2.4.RELEASE.jar, /home/devmac/.m2/repository/org/slf4j/slf4j-api/1.7.13/slf4j-api-1.7.13.jar, /home/devmac/.m2/repository/org/slf4j/jcl-over-slf4j/1.7.13/jcl-over-slf4j-1.7.13.jar, /home/devmac/.m2/repository/org/springframework/spring-aspects/4.2.4.RELEASE/spring-aspects-4.2.4.RELEASE.jar, /home/devmac/.m2/repository/org/springframework/boot/spring-boot-starter-freemarker/1.3.1.RELEASE/spring-boot-starter-freemarker-1.3.1.RELEASE.jar, /home/devmac/.m2/repository/org/freemarker/freemarker/2.3.23/freemarker-2.3.23.jar, /home/devmac/.m2/repository/org/springframework/spring-context-support/4.2.4.RELEASE/spring-context-support-4.2.4.RELEASE.jar, /home/devmac/.m2/repository/org/springframework/boot/spring-boot-starter-web/1.3.1.RELEASE/spring-boot-starter-web-1.3.1.RELEASE.jar, /home/devmac/.m2/repository/org/springframework/boot/spring-boot-starter-tomcat/1.3.1.RELEASE/spring-boot-starter-tomcat-1.3.1.RELEASE.jar, /home/devmac/.m2/repository/org/apache/tomcat/embed/tomcat-embed-core/8.0.30/tomcat-embed-core-8.0.30.jar, /home/devmac/.m2/repository/org/apache/tomcat/embed/tomcat-embed-el/8.0.30/tomcat-embed-el-8.0.30.jar, /home/devmac/.m2/repository/org/apache/tomcat/embed/tomcat-embed-logging-juli/8.0.30/tomcat-embed-logging-juli-8.0.30.jar, /home/devmac/.m2/repository/org/apache/tomcat/embed/tomcat-embed-websocket/8.0.30/tomcat-embed-websocket-8.0.30.jar, /home/devmac/.m2/repository/org/springframework/boot/spring-boot-starter-validation/1.3.1.RELEASE/spring-boot-starter-validation-1.3.1.RELEASE.jar, /home/devmac/.m2/repository/org/hibernate/hibernate-validator/5.2.2.Final/hibernate-validator-5.2.2.Final.jar, /home/devmac/.m2/repository/com/fasterxml/jackson/core/jackson-databind/2.6.4/jackson-databind-2.6.4.jar, /home/devmac/.m2/repository/com/fasterxml/jackson/core/jackson-annotations/2.6.4/jackson-annotations-2.6.4.jar, /home/devmac/.m2/repository/com/fasterxml/jackson/core/jackson-core/2.6.4/jackson-core-2.6.4.jar, /home/devmac/.m2/repository/org/springframework/spring-web/4.2.4.RELEASE/spring-web-4.2.4.RELEASE.jar, /home/devmac/.m2/repository/org/springframework/spring-webmvc/4.2.4.RELEASE/spring-webmvc-4.2.4.RELEASE.jar, /home/devmac/.m2/repository/org/springframework/spring-expression/4.2.4.RELEASE/spring-expression-4.2.4.RELEASE.jar, /home/devmac/.m2/repository/org/apache/commons/commons-lang3/3.4/commons-lang3-3.4.jar, /home/devmac/.m2/repository/org/springframework/spring-core/4.2.4.RELEASE/spring-core-4.2.4.RELEASE.jar, /home/devmac/.m2/repository/com/google/guava/guava/19.0/guava-19.0.jar]
[DEBUG]   (f) compileSourceRoots = [/home/devmac/workspace/freeboot/bootstrapplicator/src/main/java]
[DEBUG]   (f) compilerId = javac
[DEBUG]   (f) debug = true
[DEBUG]   (f) encoding = UTF-8
[DEBUG]   (f) failOnError = true
[DEBUG]   (f) forceJavacCompilerUse = false
[DEBUG]   (f) fork = false
[DEBUG]   (f) generatedSourcesDirectory = /home/devmac/workspace/freeboot/bootstrapplicator/target/generated-sources/annotations
[DEBUG]   (f) mojoExecution = org.apache.maven.plugins:maven-compiler-plugin:3.1:compile {execution: default-compile}
[DEBUG]   (f) optimize = false
[DEBUG]   (f) outputDirectory = /home/devmac/workspace/freeboot/bootstrapplicator/target/classes
[DEBUG]   (f) projectArtifact = io.freeboot:bootstrapplicator:jar:0.0.1-SNAPSHOT
[DEBUG]   (f) showDeprecation = false
[DEBUG]   (f) showWarnings = false
[DEBUG]   (f) skipMultiThreadWarning = false
[DEBUG]   (f) source = 1.8
[DEBUG]   (f) staleMillis = 0
[DEBUG]   (f) target = 1.8
[DEBUG]   (f) useIncrementalCompilation = true
[DEBUG]   (f) verbose = false
[DEBUG]   (f) mavenSession = org.apache.maven.execution.MavenSession@2f17e30d
[DEBUG]   (f) session = org.apache.maven.execution.MavenSession@2f17e30d
[DEBUG] -- end configuration --
[DEBUG] Using compiler 'javac'.
[DEBUG] Source directories: [/home/devmac/workspace/freeboot/bootstrapplicator/src/main/java]
[DEBUG] Classpath: [/home/devmac/workspace/freeboot/bootstrapplicator/target/classes
 /home/devmac/.m2/repository/org/springframework/boot/spring-boot-starter-data-jpa/1.3.1.RELEASE/spring-boot-starter-data-jpa-1.3.1.RELEASE.jar
 /home/devmac/.m2/repository/org/springframework/boot/spring-boot-starter/1.3.1.RELEASE/spring-boot-starter-1.3.1.RELEASE.jar
 /home/devmac/.m2/repository/org/springframework/boot/spring-boot/1.3.1.RELEASE/spring-boot-1.3.1.RELEASE.jar
 /home/devmac/.m2/repository/org/springframework/boot/spring-boot-autoconfigure/1.3.1.RELEASE/spring-boot-autoconfigure-1.3.1.RELEASE.jar
 /home/devmac/.m2/repository/org/springframework/boot/spring-boot-starter-logging/1.3.1.RELEASE/spring-boot-starter-logging-1.3.1.RELEASE.jar
 /home/devmac/.m2/repository/ch/qos/logback/logback-classic/1.1.3/logback-classic-1.1.3.jar
 /home/devmac/.m2/repository/ch/qos/logback/logback-core/1.1.3/logback-core-1.1.3.jar
 /home/devmac/.m2/repository/org/slf4j/jul-to-slf4j/1.7.13/jul-to-slf4j-1.7.13.jar
 /home/devmac/.m2/repository/org/slf4j/log4j-over-slf4j/1.7.13/log4j-over-slf4j-1.7.13.jar
 /home/devmac/.m2/repository/org/springframework/boot/spring-boot-starter-aop/1.3.1.RELEASE/spring-boot-starter-aop-1.3.1.RELEASE.jar
 /home/devmac/.m2/repository/org/springframework/spring-aop/4.2.4.RELEASE/spring-aop-4.2.4.RELEASE.jar
 /home/devmac/.m2/repository/aopalliance/aopalliance/1.0/aopalliance-1.0.jar
 /home/devmac/.m2/repository/org/aspectj/aspectjweaver/1.8.7/aspectjweaver-1.8.7.jar
 /home/devmac/.m2/repository/org/springframework/boot/spring-boot-starter-jdbc/1.3.1.RELEASE/spring-boot-starter-jdbc-1.3.1.RELEASE.jar
 /home/devmac/.m2/repository/org/apache/tomcat/tomcat-jdbc/8.0.30/tomcat-jdbc-8.0.30.jar
 /home/devmac/.m2/repository/org/apache/tomcat/tomcat-juli/8.0.30/tomcat-juli-8.0.30.jar
 /home/devmac/.m2/repository/org/springframework/spring-jdbc/4.2.4.RELEASE/spring-jdbc-4.2.4.RELEASE.jar
 /home/devmac/.m2/repository/org/hibernate/hibernate-entitymanager/4.3.11.Final/hibernate-entitymanager-4.3.11.Final.jar
 /home/devmac/.m2/repository/javax/transaction/javax.transaction-api/1.2/javax.transaction-api-1.2.jar
 /home/devmac/.m2/repository/org/springframework/data/spring-data-jpa/1.9.2.RELEASE/spring-data-jpa-1.9.2.RELEASE.jar
 /home/devmac/.m2/repository/org/springframework/data/spring-data-commons/1.11.2.RELEASE/spring-data-commons-1.11.2.RELEASE.jar
 /home/devmac/.m2/repository/org/springframework/spring-orm/4.2.4.RELEASE/spring-orm-4.2.4.RELEASE.jar
 /home/devmac/.m2/repository/org/springframework/spring-context/4.2.4.RELEASE/spring-context-4.2.4.RELEASE.jar
 /home/devmac/.m2/repository/org/springframework/spring-tx/4.2.4.RELEASE/spring-tx-4.2.4.RELEASE.jar
 /home/devmac/.m2/repository/org/springframework/spring-beans/4.2.4.RELEASE/spring-beans-4.2.4.RELEASE.jar
 /home/devmac/.m2/repository/org/slf4j/slf4j-api/1.7.13/slf4j-api-1.7.13.jar
 /home/devmac/.m2/repository/org/slf4j/jcl-over-slf4j/1.7.13/jcl-over-slf4j-1.7.13.jar
 /home/devmac/.m2/repository/org/springframework/spring-aspects/4.2.4.RELEASE/spring-aspects-4.2.4.RELEASE.jar
 /home/devmac/.m2/repository/org/springframework/boot/spring-boot-starter-freemarker/1.3.1.RELEASE/spring-boot-starter-freemarker-1.3.1.RELEASE.jar
 /home/devmac/.m2/repository/org/freemarker/freemarker/2.3.23/freemarker-2.3.23.jar
 /home/devmac/.m2/repository/org/springframework/spring-context-support/4.2.4.RELEASE/spring-context-support-4.2.4.RELEASE.jar
 /home/devmac/.m2/repository/org/springframework/boot/spring-boot-starter-web/1.3.1.RELEASE/spring-boot-starter-web-1.3.1.RELEASE.jar
 /home/devmac/.m2/repository/org/springframework/boot/spring-boot-starter-tomcat/1.3.1.RELEASE/spring-boot-starter-tomcat-1.3.1.RELEASE.jar
 /home/devmac/.m2/repository/org/apache/tomcat/embed/tomcat-embed-core/8.0.30/tomcat-embed-core-8.0.30.jar
 /home/devmac/.m2/repository/org/apache/tomcat/embed/tomcat-embed-el/8.0.30/tomcat-embed-el-8.0.30.jar
 /home/devmac/.m2/repository/org/apache/tomcat/embed/tomcat-embed-logging-juli/8.0.30/tomcat-embed-logging-juli-8.0.30.jar
 /home/devmac/.m2/repository/org/apache/tomcat/embed/tomcat-embed-websocket/8.0.30/tomcat-embed-websocket-8.0.30.jar
 /home/devmac/.m2/repository/org/springframework/boot/spring-boot-starter-validation/1.3.1.RELEASE/spring-boot-starter-validation-1.3.1.RELEASE.jar
 /home/devmac/.m2/repository/org/hibernate/hibernate-validator/5.2.2.Final/hibernate-validator-5.2.2.Final.jar
 /home/devmac/.m2/repository/com/fasterxml/jackson/core/jackson-databind/2.6.4/jackson-databind-2.6.4.jar
 /home/devmac/.m2/repository/com/fasterxml/jackson/core/jackson-annotations/2.6.4/jackson-annotations-2.6.4.jar
 /home/devmac/.m2/repository/com/fasterxml/jackson/core/jackson-core/2.6.4/jackson-core-2.6.4.jar
 /home/devmac/.m2/repository/org/springframework/spring-web/4.2.4.RELEASE/spring-web-4.2.4.RELEASE.jar
 /home/devmac/.m2/repository/org/springframework/spring-webmvc/4.2.4.RELEASE/spring-webmvc-4.2.4.RELEASE.jar
 /home/devmac/.m2/repository/org/springframework/spring-expression/4.2.4.RELEASE/spring-expression-4.2.4.RELEASE.jar
 /home/devmac/.m2/repository/org/apache/commons/commons-lang3/3.4/commons-lang3-3.4.jar
 /home/devmac/.m2/repository/org/springframework/spring-core/4.2.4.RELEASE/spring-core-4.2.4.RELEASE.jar
 /home/devmac/.m2/repository/com/google/guava/guava/19.0/guava-19.0.jar]
[DEBUG] Output directory: /home/devmac/workspace/freeboot/bootstrapplicator/target/classes
[DEBUG] CompilerReuseStrategy: reuseCreated
[DEBUG] useIncrementalCompilation enabled
[INFO] Nothing to compile - all classes are up to date
[INFO] 
[INFO] --- maven-resources-plugin:2.6:testResources (default-testResources) @ bootstrapplicator ---
[DEBUG] Configuring mojo org.apache.maven.plugins:maven-resources-plugin:2.6:testResources from plugin realm ClassRealm[plugin>org.apache.maven.plugins:maven-resources-plugin:2.6, parent: sun.misc.Launcher$AppClassLoader@70dea4e]
[DEBUG] Configuring mojo 'org.apache.maven.plugins:maven-resources-plugin:2.6:testResources' with basic configurator -->
[DEBUG]   (f) buildFilters = []
[DEBUG]   (s) delimiters = [@]
[DEBUG]   (f) encoding = UTF-8
[DEBUG]   (f) escapeWindowsPaths = true
[DEBUG]   (s) includeEmptyDirs = false
[DEBUG]   (s) outputDirectory = /home/devmac/workspace/freeboot/bootstrapplicator/target/test-classes
[DEBUG]   (s) overwrite = false
[DEBUG]   (f) project = MavenProject: io.freeboot:bootstrapplicator:0.0.1-SNAPSHOT @ /home/devmac/workspace/freeboot/bootstrapplicator/pom.xml
[DEBUG]   (s) resources = [Resource {targetPath: null, filtering: false, FileSet {directory: /home/devmac/workspace/freeboot/bootstrapplicator/src/test/resources, PatternSet [includes: {}, excludes: {}]}}]
[DEBUG]   (f) session = org.apache.maven.execution.MavenSession@2f17e30d
[DEBUG]   (f) supportMultiLineFiltering = false
[DEBUG]   (f) useBuildFilters = true
[DEBUG]   (s) useDefaultDelimiters = false
[DEBUG] -- end configuration --
[DEBUG] properties used {spring-batch.version=3.0.6.RELEASE, env.DESKTOP_SESSION=gnome-fallback-compiz, env.OLDPWD=/home/devmac/workspace/freeboot/bootstrapplicator, file.encoding.pkg=sun.io, env.SELINUX_INIT=YES, undertow.version=1.3.10.Final, httpclient.version=4.5.1, webjars-locator.version=0.28, java.home=/usr/lib/jvm/java-8-oracle/jre, hibernate.version=4.3.11.Final, spring-security-oauth.version=2.0.8.RELEASE, groovy.version=2.4.4, env.GDM_LANG=en_NZ, env.DISPLAY=:0.0, env.LS_COLORS=rs=0:di=01;34:ln=01;36:mh=00:pi=40;33:so=01;35:do=01;35:bd=40;33;01:cd=40;33;01:or=40;31;01:su=37;41:sg=30;43:ca=30;41:tw=30;42:ow=34;42:st=37;44:ex=01;32:*.tar=01;31:*.tgz=01;31:*.arj=01;31:*.taz=01;31:*.lzh=01;31:*.lzma=01;31:*.tlz=01;31:*.txz=01;31:*.zip=01;31:*.z=01;31:*.Z=01;31:*.dz=01;31:*.gz=01;31:*.lz=01;31:*.xz=01;31:*.bz2=01;31:*.bz=01;31:*.tbz=01;31:*.tbz2=01;31:*.tz=01;31:*.deb=01;31:*.rpm=01;31:*.jar=01;31:*.war=01;31:*.ear=01;31:*.sar=01;31:*.rar=01;31:*.ace=01;31:*.zoo=01;31:*.cpio=01;31:*.7z=01;31:*.rz=01;31:*.jpg=01;35:*.jpeg=01;35:*.gif=01;35:*.bmp=01;35:*.pbm=01;35:*.pgm=01;35:*.ppm=01;35:*.tga=01;35:*.xbm=01;35:*.xpm=01;35:*.tif=01;35:*.tiff=01;35:*.png=01;35:*.svg=01;35:*.svgz=01;35:*.mng=01;35:*.pcx=01;35:*.mov=01;35:*.mpg=01;35:*.mpeg=01;35:*.m2v=01;35:*.mkv=01;35:*.webm=01;35:*.ogm=01;35:*.mp4=01;35:*.m4v=01;35:*.mp4v=01;35:*.vob=01;35:*.qt=01;35:*.nuv=01;35:*.wmv=01;35:*.asf=01;35:*.rm=01;35:*.rmvb=01;35:*.flc=01;35:*.avi=01;35:*.fli=01;35:*.flv=01;35:*.gl=01;35:*.dl=01;35:*.xcf=01;35:*.xwd=01;35:*.yuv=01;35:*.cgm=01;35:*.emf=01;35:*.axv=01;35:*.anx=01;35:*.ogv=01;35:*.ogx=01;35:*.aac=00;36:*.au=00;36:*.flac=00;36:*.mid=00;36:*.midi=00;36:*.mka=00;36:*.mp3=00;36:*.mpc=00;36:*.ogg=00;36:*.ra=00;36:*.wav=00;36:*.axa=00;36:*.oga=00;36:*.spx=00;36:*.xspf=00;36:, env.XDG_VTNR=7, spring-social-linkedin.version=1.0.2.RELEASE, classworlds.conf=/usr/share/maven/bin/m2.conf, env.XDG_GREETER_DATA_DIR=/var/lib/lightdm-data/devmac, java.endorsed.dirs=/usr/lib/jvm/java-8-oracle/jre/lib/endorsed, jmustache.version=1.11, env.LOGNAME=devmac, spring-cloud-connectors.version=1.2.1.RELEASE, env.UBUNTU_MENUPROXY=0, mockito.version=1.10.19, env.XDG_SEAT=seat0, env.SESSION_MANAGER=local/Java-8-Dev-Machine:@/tmp/.ICE-unix/1565,unix/Java-8-Dev-Machine:/tmp/.ICE-unix/1565, json.version=20140107, sun.os.patch.level=unknown, java.vendor.url=http://java.oracle.com/, env.XDG_SEAT_PATH=/org/freedesktop/DisplayManager/Seat0, env.MANDATORY_PATH=/usr/share/gconf/gnome-fallback-compiz.mandatory.path, bitronix.version=2.1.4, java.version=1.8.0_66, commons-beanutils.version=1.9.2, atomikos.version=3.9.3, gradle.version=1.12, jersey.version=2.22.1, jaxen.version=1.1.6, java.vendor.url.bug=http://bugreport.sun.com/bugreport/, env.LANGUAGE=en_NZ:en, env.XDG_MENU_PREFIX=gnome-flashback-, sun-mail.version=1.5.4, env.XDG_DATA_DIRS=/usr/share/gnome-fallback-compiz:/usr/share/gnome:/usr/local/share/:/usr/share/, wsdl4j.version=1.6.3, jedis.version=2.7.3, env.GNOME_KEYRING_CONTROL=/run/user/1000/keyring-TarvtP, javax-mail.version=1.5.4, env.UPSTART_SESSION=unix:abstract=/com/ubuntu/upstart-session/1000/1345, user.name=devmac, env.LANG=en_NZ.UTF-8, sun.io.unicode.encoding=UnicodeLittle, sun.jnu.encoding=UTF-8, env.DBUS_SESSION_BUS_ADDRESS=unix:abstract=/tmp/dbus-MaQGBtU00h, java.runtime.name=Java(TM) SE Runtime Environment, activemq.version=5.12.1, spring-security-jwt.version=1.0.3.RELEASE, spring-mobile.version=1.1.5.RELEASE, commons-dbcp.version=1.4, java.specification.name=Java Platform API Specification, log4j2.version=2.4.1, aspectj.version=1.8.7, user.timezone=, janino.version=2.7.8, env.LESSOPEN=| /usr/bin/lesspipe %s, path.separator=:, tomcat.version=8.0.30, postgresql.version=9.4-1206-jdbc41, env.XMODIFIERS=@im=ibus, file.encoding=UTF-8, statsd-client.version=3.1.0, env.HOME=/home/devmac, sun.java.command=org.codehaus.plexus.classworlds.launcher.Launcher -X install, velocity.version=1.7, spring-social-twitter.version=1.1.2.RELEASE, flyway.version=3.2.1, snakeyaml.version=1.16, thymeleaf-extras-conditionalcomments.version=2.1.1.RELEASE, resource.delimiter=@, hikaricp.version=2.4.3, nekohtml.version=1.9.22, env._=/usr/bin/mvn, java.io.tmpdir=/tmp, javax-transaction.version=1.2, hazelcast.version=3.5.4, env.GNOME_KEYRING_PID=1512, mariadb.version=1.2.3, glassfish-el.version=3.0.0, user.language=en, line.separator=
, crashub.version=1.3.2, spring-security.version=4.0.3.RELEASE, spring-social.version=1.1.4.RELEASE, solr.version=4.10.4, env.CLUTTER_IM_MODULE=xim, gemfire.version=8.1.0, java.vm.info=mixed mode, sun.desktop=gnome, java.vm.specification.name=Java Virtual Machine Specification, servlet-api.version=3.1.0, project.reporting.outputEncoding=UTF-8, joda-time.version=2.8.2, hibernate-validator.version=5.2.2.Final, jaybird.version=2.2.9, env.COLORTERM=gnome-terminal, commons-collections.version=3.2.2, liquibase.version=3.4.2, env.TEXTDOMAIN=im-config, hikaricp-java6.version=2.3.12, env.IM_CONFIG_PHASE=1, embedded-mongo.version=1.50.1, hornetq.version=2.4.7.Final, env.GDMSESSION=gnome-fallback-compiz, spring-integration.version=4.2.4.RELEASE, java.awt.printerjob=sun.print.PSPrinterJob, mongodb.version=2.13.3, env.VTE_VERSION=3409, env.DEFAULTS_PATH=/usr/share/gconf/gnome-fallback-compiz.default.path, antlr2.version=2.7.7, env.WINDOWID=60817419, jetty.version=9.2.14.v20151106, ehcache.version=2.10.1, env.XDG_SESSION_PATH=/org/freedesktop/DisplayManager/Session0, env.JOB=dbus, spring-retry.version=1.1.2.RELEASE, os.name=Linux, java.specification.vendor=Oracle Corporation, env.TERM=xterm, java.vm.name=Java HotSpot(TM) 64-Bit Server VM, simple-json.version=1.1.1, env.QT_IM_MODULE=ibus, java.library.path=/usr/java/packages/lib/amd64:/usr/lib64:/lib64:/lib:/usr/lib, env.PATH=/usr/local/sbin:/usr/local/bin:/usr/sbin:/usr/bin:/sbin:/bin:/usr/games:/usr/local/games, env.LESSCLOSE=/usr/bin/lesspipe %s %s, env.TEXTDOMAINDIR=/usr/share/locale/, java.class.version=52.0, spring-boot.version=1.3.1.RELEASE, env.SHLVL=1, infinispan.version=8.0.2.Final, freemarker.version=2.3.23, httpasyncclient.version=4.1.1, thymeleaf-extras-springsecurity4.version=2.1.2.RELEASE, spring-social-facebook.version=2.0.3.RELEASE, artemis.version=1.1.0, spring-plugin.version=1.2.0.RELEASE, spring.version=4.2.4.RELEASE, project.build.sourceEncoding=UTF-8, sun.boot.library.path=/usr/lib/jvm/java-8-oracle/jre/lib/amd64, sun.management.compiler=HotSpot 64-Bit Tiered Compilers, java.awt.graphicsenv=sun.awt.X11GraphicsEnvironment, env.USER=devmac, commons-dbcp2.version=2.1.1, env.GTK_IM_MODULE=ibus, env.GTK_MODULES=overlay-scrollbar:unity-gtk-module, hamcrest.version=1.3, junit.version=4.12, javax-cache.version=1.0.0, env.SESSIONTYPE=gnome-session, java.vm.specification.version=1.8, env.NLSPATH=/usr/dt/lib/nls/msg/%L/%N.cat, mysql.version=5.1.38, slf4j.version=1.7.13, awt.toolkit=sun.awt.X11.XToolkit, sun.cpu.isalist=, java.ext.dirs=/usr/lib/jvm/java-8-oracle/jre/lib/ext:/usr/java/packages/lib/ext, derby.version=10.12.1.1, os.version=3.19.0-25-generic, env.QT_QPA_PLATFORMTHEME=appmenu-qt5, velocity-tools.version=2.0, thymeleaf-layout-dialect.version=1.3.1, env.XDG_CURRENT_DESKTOP=Unity, user.home=/home/devmac, java.vm.vendor=Oracle Corporation, jooq.version=3.7.1, logback.version=1.1.3, env.JAVA_HOME=/usr/lib/jvm/java-8-oracle, env.SESSION=gnome-fallback-compiz, env.XDG_SESSION_ID=c1, env.XAUTHORITY=/home/devmac/.Xauthority, user.dir=/home/devmac/workspace/freeboot/bootstrapplicator, env.XFILESEARCHPATH=/usr/dt/app-defaults/%L/Dt, env.PWD=/home/devmac/workspace/freeboot/bootstrapplicator, spring-restdocs.version=1.0.1.RELEASE, log4j.version=1.2.17, jsonassert.version=1.2.3, spring-session.version=1.0.2.RELEASE, elasticsearch.version=1.5.2, sun.cpu.endian=little, httpcore.version=4.4.4, java.vm.version=25.66-b17, java.class.path=/usr/share/maven/boot/plexus-classworlds-2.x.jar, thymeleaf-extras-data-attribute.version=1.3, jdom2.version=2.0.6, jetty-jsp.version=2.2.0.v201112011158, javassist.version=3.18.1-GA, os.arch=amd64, maven.build.version=Apache Maven 3.0.5, json-path.version=2.0.0, spring-hateoas.version=0.19.0.RELEASE, sendgrid.version=2.2.2, spring-data-releasetrain.version=Gosling-SR2A, sun.java.launcher=SUN_STANDARD, spring-ws.version=2.2.3.RELEASE, dropwizard-metrics.version=3.1.2, commons-pool.version=1.6, jboss-logging.version=3.3.0.Final, jstl.version=1.2, java.vm.specification.vendor=Oracle Corporation, webjars-hal-browser.version=9f96c74, file.separator=/, gson.version=2.3.1, h2.version=1.4.190, cassandra-driver.version=2.1.9, java.runtime.version=1.8.0_66-b17, jolokia.version=1.3.2, sun.boot.class.path=/usr/lib/jvm/java-8-oracle/jre/lib/resources.jar:/usr/lib/jvm/java-8-oracle/jre/lib/rt.jar:/usr/lib/jvm/java-8-oracle/jre/lib/sunrsasign.jar:/usr/lib/jvm/java-8-oracle/jre/lib/jsse.jar:/usr/lib/jvm/java-8-oracle/jre/lib/jce.jar:/usr/lib/jvm/java-8-oracle/jre/lib/charsets.jar:/usr/lib/jvm/java-8-oracle/jre/lib/jfr.jar:/usr/lib/jvm/java-8-oracle/jre/classes, env.SSH_AUTH_SOCK=/run/user/1000/keyring-TarvtP/ssh, commons-digester.version=2.1, env.QT4_IM_MODULE=xim, env.XDG_RUNTIME_DIR=/run/user/1000, env.XDG_CONFIG_DIRS=/etc/xdg/xdg-gnome-fallback-compiz:/usr/share/upstart/xdg:/etc/xdg, jackson.version=2.6.4, maven.version=3.0.5, user.country=NZ, env.SHELL=/bin/bash, maven.home=/usr/share/maven, env.INSTANCE=, maven.compiler.target=1.8, thymeleaf.version=2.1.4.RELEASE, reactor-spring.version=2.0.7.RELEASE, spring-loaded.version=1.2.5.RELEASE, commons-pool2.version=2.4.2, spock.version=1.0-groovy-2.4, reactor.version=2.0.7.RELEASE, java.vendor=Oracle Corporation, env.GPG_AGENT_INFO=/run/user/1000/keyring-TarvtP/gpg:0:1, spring-amqp.version=1.5.2.RELEASE, maven.compiler.source=1.8, hsqldb.version=2.3.3, java.specification.version=1.8, sun.arch.data.model=64, env.GNOME_DESKTOP_SESSION_ID=this-is-deprecated}
[INFO] Using 'UTF-8' encoding to copy filtered resources.
[DEBUG] resource with targetPath null
directory /home/devmac/workspace/freeboot/bootstrapplicator/src/test/resources
excludes []
includes []
[INFO] skip non existing resourceDirectory /home/devmac/workspace/freeboot/bootstrapplicator/src/test/resources
[DEBUG] no use filter components
[INFO] 
[INFO] --- maven-compiler-plugin:3.1:testCompile (default-testCompile) @ bootstrapplicator ---
[DEBUG] Configuring mojo org.apache.maven.plugins:maven-compiler-plugin:3.1:testCompile from plugin realm ClassRealm[plugin>org.apache.maven.plugins:maven-compiler-plugin:3.1, parent: sun.misc.Launcher$AppClassLoader@70dea4e]
[DEBUG] Configuring mojo 'org.apache.maven.plugins:maven-compiler-plugin:3.1:testCompile' with basic configurator -->
[DEBUG]   (f) basedir = /home/devmac/workspace/freeboot/bootstrapplicator
[DEBUG]   (f) buildDirectory = /home/devmac/workspace/freeboot/bootstrapplicator/target
[DEBUG]   (f) classpathElements = [/home/devmac/workspace/freeboot/bootstrapplicator/target/test-classes, /home/devmac/workspace/freeboot/bootstrapplicator/target/classes, /home/devmac/.m2/repository/org/springframework/boot/spring-boot-starter-data-jpa/1.3.1.RELEASE/spring-boot-starter-data-jpa-1.3.1.RELEASE.jar, /home/devmac/.m2/repository/org/springframework/boot/spring-boot-starter/1.3.1.RELEASE/spring-boot-starter-1.3.1.RELEASE.jar, /home/devmac/.m2/repository/org/springframework/boot/spring-boot/1.3.1.RELEASE/spring-boot-1.3.1.RELEASE.jar, /home/devmac/.m2/repository/org/springframework/boot/spring-boot-autoconfigure/1.3.1.RELEASE/spring-boot-autoconfigure-1.3.1.RELEASE.jar, /home/devmac/.m2/repository/org/springframework/boot/spring-boot-starter-logging/1.3.1.RELEASE/spring-boot-starter-logging-1.3.1.RELEASE.jar, /home/devmac/.m2/repository/ch/qos/logback/logback-classic/1.1.3/logback-classic-1.1.3.jar, /home/devmac/.m2/repository/ch/qos/logback/logback-core/1.1.3/logback-core-1.1.3.jar, /home/devmac/.m2/repository/org/slf4j/jul-to-slf4j/1.7.13/jul-to-slf4j-1.7.13.jar, /home/devmac/.m2/repository/org/slf4j/log4j-over-slf4j/1.7.13/log4j-over-slf4j-1.7.13.jar, /home/devmac/.m2/repository/org/yaml/snakeyaml/1.16/snakeyaml-1.16.jar, /home/devmac/.m2/repository/org/springframework/boot/spring-boot-starter-aop/1.3.1.RELEASE/spring-boot-starter-aop-1.3.1.RELEASE.jar, /home/devmac/.m2/repository/org/springframework/spring-aop/4.2.4.RELEASE/spring-aop-4.2.4.RELEASE.jar, /home/devmac/.m2/repository/aopalliance/aopalliance/1.0/aopalliance-1.0.jar, /home/devmac/.m2/repository/org/aspectj/aspectjweaver/1.8.7/aspectjweaver-1.8.7.jar, /home/devmac/.m2/repository/org/springframework/boot/spring-boot-starter-jdbc/1.3.1.RELEASE/spring-boot-starter-jdbc-1.3.1.RELEASE.jar, /home/devmac/.m2/repository/org/apache/tomcat/tomcat-jdbc/8.0.30/tomcat-jdbc-8.0.30.jar, /home/devmac/.m2/repository/org/apache/tomcat/tomcat-juli/8.0.30/tomcat-juli-8.0.30.jar, /home/devmac/.m2/repository/org/springframework/spring-jdbc/4.2.4.RELEASE/spring-jdbc-4.2.4.RELEASE.jar, /home/devmac/.m2/repository/org/hibernate/hibernate-entitymanager/4.3.11.Final/hibernate-entitymanager-4.3.11.Final.jar, /home/devmac/.m2/repository/javax/transaction/javax.transaction-api/1.2/javax.transaction-api-1.2.jar, /home/devmac/.m2/repository/org/springframework/data/spring-data-jpa/1.9.2.RELEASE/spring-data-jpa-1.9.2.RELEASE.jar, /home/devmac/.m2/repository/org/springframework/data/spring-data-commons/1.11.2.RELEASE/spring-data-commons-1.11.2.RELEASE.jar, /home/devmac/.m2/repository/org/springframework/spring-orm/4.2.4.RELEASE/spring-orm-4.2.4.RELEASE.jar, /home/devmac/.m2/repository/org/springframework/spring-context/4.2.4.RELEASE/spring-context-4.2.4.RELEASE.jar, /home/devmac/.m2/repository/org/springframework/spring-tx/4.2.4.RELEASE/spring-tx-4.2.4.RELEASE.jar, /home/devmac/.m2/repository/org/springframework/spring-beans/4.2.4.RELEASE/spring-beans-4.2.4.RELEASE.jar, /home/devmac/.m2/repository/org/slf4j/slf4j-api/1.7.13/slf4j-api-1.7.13.jar, /home/devmac/.m2/repository/org/slf4j/jcl-over-slf4j/1.7.13/jcl-over-slf4j-1.7.13.jar, /home/devmac/.m2/repository/org/springframework/spring-aspects/4.2.4.RELEASE/spring-aspects-4.2.4.RELEASE.jar, /home/devmac/.m2/repository/org/springframework/boot/spring-boot-starter-freemarker/1.3.1.RELEASE/spring-boot-starter-freemarker-1.3.1.RELEASE.jar, /home/devmac/.m2/repository/org/freemarker/freemarker/2.3.23/freemarker-2.3.23.jar, /home/devmac/.m2/repository/org/springframework/spring-context-support/4.2.4.RELEASE/spring-context-support-4.2.4.RELEASE.jar, /home/devmac/.m2/repository/org/springframework/boot/spring-boot-starter-web/1.3.1.RELEASE/spring-boot-starter-web-1.3.1.RELEASE.jar, /home/devmac/.m2/repository/org/springframework/boot/spring-boot-starter-tomcat/1.3.1.RELEASE/spring-boot-starter-tomcat-1.3.1.RELEASE.jar, /home/devmac/.m2/repository/org/apache/tomcat/embed/tomcat-embed-core/8.0.30/tomcat-embed-core-8.0.30.jar, /home/devmac/.m2/repository/org/apache/tomcat/embed/tomcat-embed-el/8.0.30/tomcat-embed-el-8.0.30.jar, /home/devmac/.m2/repository/org/apache/tomcat/embed/tomcat-embed-logging-juli/8.0.30/tomcat-embed-logging-juli-8.0.30.jar, /home/devmac/.m2/repository/org/apache/tomcat/embed/tomcat-embed-websocket/8.0.30/tomcat-embed-websocket-8.0.30.jar, /home/devmac/.m2/repository/org/springframework/boot/spring-boot-starter-validation/1.3.1.RELEASE/spring-boot-starter-validation-1.3.1.RELEASE.jar, /home/devmac/.m2/repository/org/hibernate/hibernate-validator/5.2.2.Final/hibernate-validator-5.2.2.Final.jar, /home/devmac/.m2/repository/com/fasterxml/jackson/core/jackson-databind/2.6.4/jackson-databind-2.6.4.jar, /home/devmac/.m2/repository/com/fasterxml/jackson/core/jackson-annotations/2.6.4/jackson-annotations-2.6.4.jar, /home/devmac/.m2/repository/com/fasterxml/jackson/core/jackson-core/2.6.4/jackson-core-2.6.4.jar, /home/devmac/.m2/repository/org/springframework/spring-web/4.2.4.RELEASE/spring-web-4.2.4.RELEASE.jar, /home/devmac/.m2/repository/org/springframework/spring-webmvc/4.2.4.RELEASE/spring-webmvc-4.2.4.RELEASE.jar, /home/devmac/.m2/repository/org/springframework/spring-expression/4.2.4.RELEASE/spring-expression-4.2.4.RELEASE.jar, /home/devmac/.m2/repository/com/h2database/h2/1.4.190/h2-1.4.190.jar, /home/devmac/.m2/repository/org/apache/commons/commons-lang3/3.4/commons-lang3-3.4.jar, /home/devmac/.m2/repository/org/springframework/boot/spring-boot-starter-test/1.3.1.RELEASE/spring-boot-starter-test-1.3.1.RELEASE.jar, /home/devmac/.m2/repository/junit/junit/4.12/junit-4.12.jar, /home/devmac/.m2/repository/org/mockito/mockito-core/1.10.19/mockito-core-1.10.19.jar, /home/devmac/.m2/repository/org/objenesis/objenesis/2.1/objenesis-2.1.jar, /home/devmac/.m2/repository/org/hamcrest/hamcrest-core/1.3/hamcrest-core-1.3.jar, /home/devmac/.m2/repository/org/hamcrest/hamcrest-library/1.3/hamcrest-library-1.3.jar, /home/devmac/.m2/repository/org/springframework/spring-core/4.2.4.RELEASE/spring-core-4.2.4.RELEASE.jar, /home/devmac/.m2/repository/org/springframework/spring-test/4.2.4.RELEASE/spring-test-4.2.4.RELEASE.jar, /home/devmac/.m2/repository/com/google/guava/guava/19.0/guava-19.0.jar]
[DEBUG]   (f) compileSourceRoots = [/home/devmac/workspace/freeboot/bootstrapplicator/src/test/java]
[DEBUG]   (f) compilerId = javac
[DEBUG]   (f) debug = true
[DEBUG]   (f) encoding = UTF-8
[DEBUG]   (f) failOnError = true
[DEBUG]   (f) forceJavacCompilerUse = false
[DEBUG]   (f) fork = false
[DEBUG]   (f) generatedTestSourcesDirectory = /home/devmac/workspace/freeboot/bootstrapplicator/target/generated-test-sources/test-annotations
[DEBUG]   (f) mojoExecution = org.apache.maven.plugins:maven-compiler-plugin:3.1:testCompile {execution: default-testCompile}
[DEBUG]   (f) optimize = false
[DEBUG]   (f) outputDirectory = /home/devmac/workspace/freeboot/bootstrapplicator/target/test-classes
[DEBUG]   (f) showDeprecation = false
[DEBUG]   (f) showWarnings = false
[DEBUG]   (f) skipMultiThreadWarning = false
[DEBUG]   (f) source = 1.8
[DEBUG]   (f) staleMillis = 0
[DEBUG]   (f) target = 1.8
[DEBUG]   (f) useIncrementalCompilation = true
[DEBUG]   (f) verbose = false
[DEBUG]   (f) mavenSession = org.apache.maven.execution.MavenSession@2f17e30d
[DEBUG]   (f) session = org.apache.maven.execution.MavenSession@2f17e30d
[DEBUG] -- end configuration --
[DEBUG] Using compiler 'javac'.
[DEBUG] Source directories: [/home/devmac/workspace/freeboot/bootstrapplicator/src/test/java]
[DEBUG] Classpath: [/home/devmac/workspace/freeboot/bootstrapplicator/target/test-classes
 /home/devmac/workspace/freeboot/bootstrapplicator/target/classes
 /home/devmac/.m2/repository/org/springframework/boot/spring-boot-starter-data-jpa/1.3.1.RELEASE/spring-boot-starter-data-jpa-1.3.1.RELEASE.jar
 /home/devmac/.m2/repository/org/springframework/boot/spring-boot-starter/1.3.1.RELEASE/spring-boot-starter-1.3.1.RELEASE.jar
 /home/devmac/.m2/repository/org/springframework/boot/spring-boot/1.3.1.RELEASE/spring-boot-1.3.1.RELEASE.jar
 /home/devmac/.m2/repository/org/springframework/boot/spring-boot-autoconfigure/1.3.1.RELEASE/spring-boot-autoconfigure-1.3.1.RELEASE.jar
 /home/devmac/.m2/repository/org/springframework/boot/spring-boot-starter-logging/1.3.1.RELEASE/spring-boot-starter-logging-1.3.1.RELEASE.jar
 /home/devmac/.m2/repository/ch/qos/logback/logback-classic/1.1.3/logback-classic-1.1.3.jar
 /home/devmac/.m2/repository/ch/qos/logback/logback-core/1.1.3/logback-core-1.1.3.jar
 /home/devmac/.m2/repository/org/slf4j/jul-to-slf4j/1.7.13/jul-to-slf4j-1.7.13.jar
 /home/devmac/.m2/repository/org/slf4j/log4j-over-slf4j/1.7.13/log4j-over-slf4j-1.7.13.jar
 /home/devmac/.m2/repository/org/yaml/snakeyaml/1.16/snakeyaml-1.16.jar
 /home/devmac/.m2/repository/org/springframework/boot/spring-boot-starter-aop/1.3.1.RELEASE/spring-boot-starter-aop-1.3.1.RELEASE.jar
 /home/devmac/.m2/repository/org/springframework/spring-aop/4.2.4.RELEASE/spring-aop-4.2.4.RELEASE.jar
 /home/devmac/.m2/repository/aopalliance/aopalliance/1.0/aopalliance-1.0.jar
 /home/devmac/.m2/repository/org/aspectj/aspectjweaver/1.8.7/aspectjweaver-1.8.7.jar
 /home/devmac/.m2/repository/org/springframework/boot/spring-boot-starter-jdbc/1.3.1.RELEASE/spring-boot-starter-jdbc-1.3.1.RELEASE.jar
 /home/devmac/.m2/repository/org/apache/tomcat/tomcat-jdbc/8.0.30/tomcat-jdbc-8.0.30.jar
 /home/devmac/.m2/repository/org/apache/tomcat/tomcat-juli/8.0.30/tomcat-juli-8.0.30.jar
 /home/devmac/.m2/repository/org/springframework/spring-jdbc/4.2.4.RELEASE/spring-jdbc-4.2.4.RELEASE.jar
 /home/devmac/.m2/repository/org/hibernate/hibernate-entitymanager/4.3.11.Final/hibernate-entitymanager-4.3.11.Final.jar
 /home/devmac/.m2/repository/javax/transaction/javax.transaction-api/1.2/javax.transaction-api-1.2.jar
 /home/devmac/.m2/repository/org/springframework/data/spring-data-jpa/1.9.2.RELEASE/spring-data-jpa-1.9.2.RELEASE.jar
 /home/devmac/.m2/repository/org/springframework/data/spring-data-commons/1.11.2.RELEASE/spring-data-commons-1.11.2.RELEASE.jar
 /home/devmac/.m2/repository/org/springframework/spring-orm/4.2.4.RELEASE/spring-orm-4.2.4.RELEASE.jar
 /home/devmac/.m2/repository/org/springframework/spring-context/4.2.4.RELEASE/spring-context-4.2.4.RELEASE.jar
 /home/devmac/.m2/repository/org/springframework/spring-tx/4.2.4.RELEASE/spring-tx-4.2.4.RELEASE.jar
 /home/devmac/.m2/repository/org/springframework/spring-beans/4.2.4.RELEASE/spring-beans-4.2.4.RELEASE.jar
 /home/devmac/.m2/repository/org/slf4j/slf4j-api/1.7.13/slf4j-api-1.7.13.jar
 /home/devmac/.m2/repository/org/slf4j/jcl-over-slf4j/1.7.13/jcl-over-slf4j-1.7.13.jar
 /home/devmac/.m2/repository/org/springframework/spring-aspects/4.2.4.RELEASE/spring-aspects-4.2.4.RELEASE.jar
 /home/devmac/.m2/repository/org/springframework/boot/spring-boot-starter-freemarker/1.3.1.RELEASE/spring-boot-starter-freemarker-1.3.1.RELEASE.jar
 /home/devmac/.m2/repository/org/freemarker/freemarker/2.3.23/freemarker-2.3.23.jar
 /home/devmac/.m2/repository/org/springframework/spring-context-support/4.2.4.RELEASE/spring-context-support-4.2.4.RELEASE.jar
 /home/devmac/.m2/repository/org/springframework/boot/spring-boot-starter-web/1.3.1.RELEASE/spring-boot-starter-web-1.3.1.RELEASE.jar
 /home/devmac/.m2/repository/org/springframework/boot/spring-boot-starter-tomcat/1.3.1.RELEASE/spring-boot-starter-tomcat-1.3.1.RELEASE.jar
 /home/devmac/.m2/repository/org/apache/tomcat/embed/tomcat-embed-core/8.0.30/tomcat-embed-core-8.0.30.jar
 /home/devmac/.m2/repository/org/apache/tomcat/embed/tomcat-embed-el/8.0.30/tomcat-embed-el-8.0.30.jar
 /home/devmac/.m2/repository/org/apache/tomcat/embed/tomcat-embed-logging-juli/8.0.30/tomcat-embed-logging-juli-8.0.30.jar
 /home/devmac/.m2/repository/org/apache/tomcat/embed/tomcat-embed-websocket/8.0.30/tomcat-embed-websocket-8.0.30.jar
 /home/devmac/.m2/repository/org/springframework/boot/spring-boot-starter-validation/1.3.1.RELEASE/spring-boot-starter-validation-1.3.1.RELEASE.jar
 /home/devmac/.m2/repository/org/hibernate/hibernate-validator/5.2.2.Final/hibernate-validator-5.2.2.Final.jar
 /home/devmac/.m2/repository/com/fasterxml/jackson/core/jackson-databind/2.6.4/jackson-databind-2.6.4.jar
 /home/devmac/.m2/repository/com/fasterxml/jackson/core/jackson-annotations/2.6.4/jackson-annotations-2.6.4.jar
 /home/devmac/.m2/repository/com/fasterxml/jackson/core/jackson-core/2.6.4/jackson-core-2.6.4.jar
 /home/devmac/.m2/repository/org/springframework/spring-web/4.2.4.RELEASE/spring-web-4.2.4.RELEASE.jar
 /home/devmac/.m2/repository/org/springframework/spring-webmvc/4.2.4.RELEASE/spring-webmvc-4.2.4.RELEASE.jar
 /home/devmac/.m2/repository/org/springframework/spring-expression/4.2.4.RELEASE/spring-expression-4.2.4.RELEASE.jar
 /home/devmac/.m2/repository/com/h2database/h2/1.4.190/h2-1.4.190.jar
 /home/devmac/.m2/repository/org/apache/commons/commons-lang3/3.4/commons-lang3-3.4.jar
 /home/devmac/.m2/repository/org/springframework/boot/spring-boot-starter-test/1.3.1.RELEASE/spring-boot-starter-test-1.3.1.RELEASE.jar
 /home/devmac/.m2/repository/junit/junit/4.12/junit-4.12.jar
 /home/devmac/.m2/repository/org/mockito/mockito-core/1.10.19/mockito-core-1.10.19.jar
 /home/devmac/.m2/repository/org/objenesis/objenesis/2.1/objenesis-2.1.jar
 /home/devmac/.m2/repository/org/hamcrest/hamcrest-core/1.3/hamcrest-core-1.3.jar
 /home/devmac/.m2/repository/org/hamcrest/hamcrest-library/1.3/hamcrest-library-1.3.jar
 /home/devmac/.m2/repository/org/springframework/spring-core/4.2.4.RELEASE/spring-core-4.2.4.RELEASE.jar
 /home/devmac/.m2/repository/org/springframework/spring-test/4.2.4.RELEASE/spring-test-4.2.4.RELEASE.jar
 /home/devmac/.m2/repository/com/google/guava/guava/19.0/guava-19.0.jar]
[DEBUG] Output directory: /home/devmac/workspace/freeboot/bootstrapplicator/target/test-classes
[DEBUG] CompilerReuseStrategy: reuseCreated
[DEBUG] useIncrementalCompilation enabled
[INFO] Nothing to compile - all classes are up to date
[INFO] 
[INFO] --- maven-surefire-plugin:2.18.1:test (default-test) @ bootstrapplicator ---
[DEBUG] org.apache.maven.plugins:maven-surefire-plugin:jar:2.18.1:
[DEBUG]    org.apache.maven:maven-plugin-api:jar:2.2.1:compile
[DEBUG]    org.apache.maven.surefire:maven-surefire-common:jar:2.18.1:compile
[DEBUG]       org.apache.maven.surefire:surefire-booter:jar:2.18.1:compile
[DEBUG]       org.apache.maven:maven-artifact:jar:2.2.1:compile
[DEBUG]          org.codehaus.plexus:plexus-utils:jar:1.5.15:compile
[DEBUG]       org.apache.maven:maven-plugin-descriptor:jar:2.2.1:compile
[DEBUG]          org.codehaus.plexus:plexus-container-default:jar:1.0-alpha-9-stable-1:compile
[DEBUG]             junit:junit:jar:3.8.1:test (scope managed from compile)
[DEBUG]       org.apache.maven:maven-project:jar:2.2.1:compile
[DEBUG]          org.apache.maven:maven-settings:jar:2.2.1:compile
[DEBUG]          org.apache.maven:maven-profile:jar:2.2.1:compile
[DEBUG]          org.apache.maven:maven-artifact-manager:jar:2.2.1:compile
[DEBUG]             backport-util-concurrent:backport-util-concurrent:jar:3.1:compile
[DEBUG]          org.apache.maven:maven-plugin-registry:jar:2.2.1:compile
[DEBUG]          org.codehaus.plexus:plexus-interpolation:jar:1.11:compile
[DEBUG]       org.apache.maven:maven-model:jar:2.2.1:compile
[DEBUG]       org.apache.maven:maven-core:jar:2.2.1:compile
[DEBUG]          org.apache.maven:maven-plugin-parameter-documenter:jar:2.2.1:compile
[DEBUG]          org.slf4j:slf4j-jdk14:jar:1.5.6:runtime
[DEBUG]             org.slf4j:slf4j-api:jar:1.5.6:runtime
[DEBUG]          org.slf4j:jcl-over-slf4j:jar:1.5.6:runtime
[DEBUG]          org.apache.maven.reporting:maven-reporting-api:jar:3.0:compile (version managed from 2.2.1)
[DEBUG]          org.apache.maven:maven-repository-metadata:jar:2.2.1:compile
[DEBUG]          org.apache.maven:maven-error-diagnostics:jar:2.2.1:compile
[DEBUG]          org.apache.maven:maven-monitor:jar:2.2.1:compile
[DEBUG]          classworlds:classworlds:jar:1.1:compile
[DEBUG]          org.sonatype.plexus:plexus-sec-dispatcher:jar:1.3:compile
[DEBUG]             org.sonatype.plexus:plexus-cipher:jar:1.4:compile
[DEBUG]       org.apache.commons:commons-lang3:jar:3.1:compile
[DEBUG]    org.apache.maven.surefire:surefire-api:jar:2.18.1:compile
[DEBUG]    org.apache.maven:maven-toolchain:jar:2.2.1:compile
[DEBUG]    org.apache.maven.plugin-tools:maven-plugin-annotations:jar:3.3:compile
[DEBUG] Created new class realm plugin>org.apache.maven.plugins:maven-surefire-plugin:2.18.1
[DEBUG] Importing foreign packages into class realm plugin>org.apache.maven.plugins:maven-surefire-plugin:2.18.1
[DEBUG]   Imported:  < maven.api
[DEBUG] Populating class realm plugin>org.apache.maven.plugins:maven-surefire-plugin:2.18.1
[DEBUG]   Included: org.apache.maven.plugins:maven-surefire-plugin:jar:2.18.1
[DEBUG]   Included: org.apache.maven.surefire:maven-surefire-common:jar:2.18.1
[DEBUG]   Included: org.apache.maven.surefire:surefire-booter:jar:2.18.1
[DEBUG]   Included: org.codehaus.plexus:plexus-utils:jar:1.5.15
[DEBUG]   Included: backport-util-concurrent:backport-util-concurrent:jar:3.1
[DEBUG]   Included: org.codehaus.plexus:plexus-interpolation:jar:1.11
[DEBUG]   Included: org.slf4j:slf4j-jdk14:jar:1.5.6
[DEBUG]   Included: org.slf4j:slf4j-api:jar:1.5.6
[DEBUG]   Included: org.slf4j:jcl-over-slf4j:jar:1.5.6
[DEBUG]   Included: org.apache.maven.reporting:maven-reporting-api:jar:3.0
[DEBUG]   Included: org.sonatype.plexus:plexus-sec-dispatcher:jar:1.3
[DEBUG]   Included: org.sonatype.plexus:plexus-cipher:jar:1.4
[DEBUG]   Included: org.apache.commons:commons-lang3:jar:3.1
[DEBUG]   Included: org.apache.maven.surefire:surefire-api:jar:2.18.1
[DEBUG]   Included: org.apache.maven.plugin-tools:maven-plugin-annotations:jar:3.3
[DEBUG]   Excluded: org.apache.maven:maven-plugin-api:jar:2.2.1
[DEBUG]   Excluded: org.apache.maven:maven-artifact:jar:2.2.1
[DEBUG]   Excluded: org.apache.maven:maven-plugin-descriptor:jar:2.2.1
[DEBUG]   Excluded: org.codehaus.plexus:plexus-container-default:jar:1.0-alpha-9-stable-1
[DEBUG]   Excluded: junit:junit:jar:3.8.1
[DEBUG]   Excluded: org.apache.maven:maven-project:jar:2.2.1
[DEBUG]   Excluded: org.apache.maven:maven-settings:jar:2.2.1
[DEBUG]   Excluded: org.apache.maven:maven-profile:jar:2.2.1
[DEBUG]   Excluded: org.apache.maven:maven-artifact-manager:jar:2.2.1
[DEBUG]   Excluded: org.apache.maven:maven-plugin-registry:jar:2.2.1
[DEBUG]   Excluded: org.apache.maven:maven-model:jar:2.2.1
[DEBUG]   Excluded: org.apache.maven:maven-core:jar:2.2.1
[DEBUG]   Excluded: org.apache.maven:maven-plugin-parameter-documenter:jar:2.2.1
[DEBUG]   Excluded: org.apache.maven:maven-repository-metadata:jar:2.2.1
[DEBUG]   Excluded: org.apache.maven:maven-error-diagnostics:jar:2.2.1
[DEBUG]   Excluded: org.apache.maven:maven-monitor:jar:2.2.1
[DEBUG]   Excluded: classworlds:classworlds:jar:1.1
[DEBUG]   Excluded: org.apache.maven:maven-toolchain:jar:2.2.1
[DEBUG] Configuring mojo org.apache.maven.plugins:maven-surefire-plugin:2.18.1:test from plugin realm ClassRealm[plugin>org.apache.maven.plugins:maven-surefire-plugin:2.18.1, parent: sun.misc.Launcher$AppClassLoader@70dea4e]
[DEBUG] Configuring mojo 'org.apache.maven.plugins:maven-surefire-plugin:2.18.1:test' with basic configurator -->
[DEBUG]   (s) additionalClasspathElements = []
[DEBUG]   (s) basedir = /home/devmac/workspace/freeboot/bootstrapplicator
[DEBUG]   (s) childDelegation = false
[DEBUG]   (s) classesDirectory = /home/devmac/workspace/freeboot/bootstrapplicator/target/classes
[DEBUG]   (s) classpathDependencyExcludes = []
[DEBUG]   (s) dependenciesToScan = []
[DEBUG]   (s) disableXmlReport = false
[DEBUG]   (s) enableAssertions = true
[DEBUG]   (s) excludes = [**/Abstract*.java]
[DEBUG]   (f) forkCount = 1
[DEBUG]   (s) forkMode = once
[DEBUG]   (s) includes = [**/*Tests.java, **/*Test.java]
[DEBUG]   (s) junitArtifactName = junit:junit
[DEBUG]   (s) localRepository =        id: local
      url: file:///home/devmac/.m2/repository/
   layout: none

[DEBUG]   (f) parallelMavenExecution = false
[DEBUG]   (s) parallelOptimized = true
[DEBUG]   (s) perCoreThreadCount = true
[DEBUG]   (s) pluginArtifactMap = {org.apache.maven.plugins:maven-surefire-plugin=org.apache.maven.plugins:maven-surefire-plugin:maven-plugin:2.18.1:, org.apache.maven.surefire:maven-surefire-common=org.apache.maven.surefire:maven-surefire-common:jar:2.18.1:compile, org.apache.maven.surefire:surefire-booter=org.apache.maven.surefire:surefire-booter:jar:2.18.1:compile, org.codehaus.plexus:plexus-utils=org.codehaus.plexus:plexus-utils:jar:1.5.15:compile, backport-util-concurrent:backport-util-concurrent=backport-util-concurrent:backport-util-concurrent:jar:3.1:compile, org.codehaus.plexus:plexus-interpolation=org.codehaus.plexus:plexus-interpolation:jar:1.11:compile, org.slf4j:slf4j-jdk14=org.slf4j:slf4j-jdk14:jar:1.5.6:runtime, org.slf4j:slf4j-api=org.slf4j:slf4j-api:jar:1.5.6:runtime, org.slf4j:jcl-over-slf4j=org.slf4j:jcl-over-slf4j:jar:1.5.6:runtime, org.apache.maven.reporting:maven-reporting-api=org.apache.maven.reporting:maven-reporting-api:jar:3.0:compile, org.sonatype.plexus:plexus-sec-dispatcher=org.sonatype.plexus:plexus-sec-dispatcher:jar:1.3:compile, org.sonatype.plexus:plexus-cipher=org.sonatype.plexus:plexus-cipher:jar:1.4:compile, org.apache.commons:commons-lang3=org.apache.commons:commons-lang3:jar:3.1:compile, org.apache.maven.surefire:surefire-api=org.apache.maven.surefire:surefire-api:jar:2.18.1:compile, org.apache.maven.plugin-tools:maven-plugin-annotations=org.apache.maven.plugin-tools:maven-plugin-annotations:jar:3.3:compile}
[DEBUG]   (f) pluginDescriptor = Component Descriptor: role: 'org.apache.maven.plugin.Mojo', implementation: 'org.apache.maven.plugin.surefire.HelpMojo', role hint: 'org.apache.maven.plugins:maven-surefire-plugin:2.18.1:help'
role: 'org.apache.maven.plugin.Mojo', implementation: 'org.apache.maven.plugin.surefire.SurefirePlugin', role hint: 'org.apache.maven.plugins:maven-surefire-plugin:2.18.1:test'
---
[DEBUG]   (s) printSummary = true
[DEBUG]   (s) projectArtifactMap = {org.springframework.boot:spring-boot-starter-data-jpa=org.springframework.boot:spring-boot-starter-data-jpa:jar:1.3.1.RELEASE:compile, org.springframework.boot:spring-boot-starter=org.springframework.boot:spring-boot-starter:jar:1.3.1.RELEASE:compile, org.springframework.boot:spring-boot=org.springframework.boot:spring-boot:jar:1.3.1.RELEASE:compile, org.springframework.boot:spring-boot-autoconfigure=org.springframework.boot:spring-boot-autoconfigure:jar:1.3.1.RELEASE:compile, org.springframework.boot:spring-boot-starter-logging=org.springframework.boot:spring-boot-starter-logging:jar:1.3.1.RELEASE:compile, ch.qos.logback:logback-classic=ch.qos.logback:logback-classic:jar:1.1.3:compile, ch.qos.logback:logback-core=ch.qos.logback:logback-core:jar:1.1.3:compile, org.slf4j:jul-to-slf4j=org.slf4j:jul-to-slf4j:jar:1.7.13:compile, org.slf4j:log4j-over-slf4j=org.slf4j:log4j-over-slf4j:jar:1.7.13:compile, org.yaml:snakeyaml=org.yaml:snakeyaml:jar:1.16:runtime, org.springframework.boot:spring-boot-starter-aop=org.springframework.boot:spring-boot-starter-aop:jar:1.3.1.RELEASE:compile, org.springframework:spring-aop=org.springframework:spring-aop:jar:4.2.4.RELEASE:compile, aopalliance:aopalliance=aopalliance:aopalliance:jar:1.0:compile, org.aspectj:aspectjweaver=org.aspectj:aspectjweaver:jar:1.8.7:compile, org.springframework.boot:spring-boot-starter-jdbc=org.springframework.boot:spring-boot-starter-jdbc:jar:1.3.1.RELEASE:compile, org.apache.tomcat:tomcat-jdbc=org.apache.tomcat:tomcat-jdbc:jar:8.0.30:compile, org.apache.tomcat:tomcat-juli=org.apache.tomcat:tomcat-juli:jar:8.0.30:compile, org.springframework:spring-jdbc=org.springframework:spring-jdbc:jar:4.2.4.RELEASE:compile, org.hibernate:hibernate-entitymanager=org.hibernate:hibernate-entitymanager:jar:4.3.11.Final:compile, javax.transaction:javax.transaction-api=javax.transaction:javax.transaction-api:jar:1.2:compile, org.springframework.data:spring-data-jpa=org.springframework.data:spring-data-jpa:jar:1.9.2.RELEASE:compile, org.springframework.data:spring-data-commons=org.springframework.data:spring-data-commons:jar:1.11.2.RELEASE:compile, org.springframework:spring-orm=org.springframework:spring-orm:jar:4.2.4.RELEASE:compile, org.springframework:spring-context=org.springframework:spring-context:jar:4.2.4.RELEASE:compile, org.springframework:spring-tx=org.springframework:spring-tx:jar:4.2.4.RELEASE:compile, org.springframework:spring-beans=org.springframework:spring-beans:jar:4.2.4.RELEASE:compile, org.slf4j:slf4j-api=org.slf4j:slf4j-api:jar:1.7.13:compile, org.slf4j:jcl-over-slf4j=org.slf4j:jcl-over-slf4j:jar:1.7.13:compile, org.springframework:spring-aspects=org.springframework:spring-aspects:jar:4.2.4.RELEASE:compile, org.springframework.boot:spring-boot-starter-freemarker=org.springframework.boot:spring-boot-starter-freemarker:jar:1.3.1.RELEASE:compile, org.freemarker:freemarker=org.freemarker:freemarker:jar:2.3.23:compile, org.springframework:spring-context-support=org.springframework:spring-context-support:jar:4.2.4.RELEASE:compile, org.springframework.boot:spring-boot-starter-web=org.springframework.boot:spring-boot-starter-web:jar:1.3.1.RELEASE:compile, org.springframework.boot:spring-boot-starter-tomcat=org.springframework.boot:spring-boot-starter-tomcat:jar:1.3.1.RELEASE:compile, org.apache.tomcat.embed:tomcat-embed-core=org.apache.tomcat.embed:tomcat-embed-core:jar:8.0.30:compile, org.apache.tomcat.embed:tomcat-embed-el=org.apache.tomcat.embed:tomcat-embed-el:jar:8.0.30:compile, org.apache.tomcat.embed:tomcat-embed-logging-juli=org.apache.tomcat.embed:tomcat-embed-logging-juli:jar:8.0.30:compile, org.apache.tomcat.embed:tomcat-embed-websocket=org.apache.tomcat.embed:tomcat-embed-websocket:jar:8.0.30:compile, org.springframework.boot:spring-boot-starter-validation=org.springframework.boot:spring-boot-starter-validation:jar:1.3.1.RELEASE:compile, org.hibernate:hibernate-validator=org.hibernate:hibernate-validator:jar:5.2.2.Final:compile, com.fasterxml.jackson.core:jackson-databind=com.fasterxml.jackson.core:jackson-databind:jar:2.6.4:compile, com.fasterxml.jackson.core:jackson-annotations=com.fasterxml.jackson.core:jackson-annotations:jar:2.6.4:compile, com.fasterxml.jackson.core:jackson-core=com.fasterxml.jackson.core:jackson-core:jar:2.6.4:compile, org.springframework:spring-web=org.springframework:spring-web:jar:4.2.4.RELEASE:compile, org.springframework:spring-webmvc=org.springframework:spring-webmvc:jar:4.2.4.RELEASE:compile, org.springframework:spring-expression=org.springframework:spring-expression:jar:4.2.4.RELEASE:compile, com.h2database:h2=com.h2database:h2:jar:1.4.190:runtime, org.apache.commons:commons-lang3=org.apache.commons:commons-lang3:jar:3.4:compile, org.springframework.boot:spring-boot-starter-test=org.springframework.boot:spring-boot-starter-test:jar:1.3.1.RELEASE:test, junit:junit=junit:junit:jar:4.12:test, org.mockito:mockito-core=org.mockito:mockito-core:jar:1.10.19:test, org.objenesis:objenesis=org.objenesis:objenesis:jar:2.1:test, org.hamcrest:hamcrest-core=org.hamcrest:hamcrest-core:jar:1.3:test, org.hamcrest:hamcrest-library=org.hamcrest:hamcrest-library:jar:1.3:test, org.springframework:spring-core=org.springframework:spring-core:jar:4.2.4.RELEASE:compile, org.springframework:spring-test=org.springframework:spring-test:jar:4.2.4.RELEASE:test, com.google.guava:guava=com.google.guava:guava:jar:19.0:compile}
[DEBUG]   (s) redirectTestOutputToFile = false
[DEBUG]   (s) remoteRepositories = [       id: central
      url: http://repo.maven.apache.org/maven2
   layout: default
snapshots: [enabled => false, update => daily]
 releases: [enabled => true, update => never]
]
[DEBUG]   (s) reportFormat = brief
[DEBUG]   (s) reportsDirectory = /home/devmac/workspace/freeboot/bootstrapplicator/target/surefire-reports
[DEBUG]   (f) rerunFailingTestsCount = 0
[DEBUG]   (f) reuseForks = true
[DEBUG]   (s) runOrder = filesystem
[DEBUG]   (s) skip = false
[DEBUG]   (s) skipTests = false
[DEBUG]   (s) suiteXmlFiles = []
[DEBUG]   (s) testClassesDirectory = /home/devmac/workspace/freeboot/bootstrapplicator/target/test-classes
[DEBUG]   (s) testFailureIgnore = false
[DEBUG]   (s) testNGArtifactName = org.testng:testng
[DEBUG]   (s) testSourceDirectory = /home/devmac/workspace/freeboot/bootstrapplicator/src/test/java
[DEBUG]   (s) threadCountClasses = 0
[DEBUG]   (s) threadCountMethods = 0
[DEBUG]   (s) threadCountSuites = 0
[DEBUG]   (s) trimStackTrace = true
[DEBUG]   (s) useFile = true
[DEBUG]   (s) useManifestOnlyJar = true
[DEBUG]   (s) useSystemClassLoader = true
[DEBUG]   (s) useUnlimitedThreads = false
[DEBUG]   (s) workingDirectory = /home/devmac/workspace/freeboot/bootstrapplicator
[DEBUG]   (s) project = MavenProject: io.freeboot:bootstrapplicator:0.0.1-SNAPSHOT @ /home/devmac/workspace/freeboot/bootstrapplicator/pom.xml
[DEBUG]   (s) session = org.apache.maven.execution.MavenSession@2f17e30d
[DEBUG] -- end configuration --
[INFO] Surefire report directory: /home/devmac/workspace/freeboot/bootstrapplicator/target/surefire-reports
[DEBUG] Setting system property [user.dir]=[/home/devmac/workspace/freeboot/bootstrapplicator]
[DEBUG] Setting system property [localRepository]=[/home/devmac/.m2/repository]
[DEBUG] Setting system property [basedir]=[/home/devmac/workspace/freeboot/bootstrapplicator]
[DEBUG] dummy:dummy:jar:1.0 (selected for null)
[DEBUG]   org.apache.maven.surefire:surefire-booter:jar:2.18.1:compile (selected for compile)
[DEBUG]     org.apache.maven.surefire:surefire-api:jar:2.18.1:compile (selected for compile)
[DEBUG] Adding to surefire booter test classpath: /home/devmac/.m2/repository/org/apache/maven/surefire/surefire-booter/2.18.1/surefire-booter-2.18.1.jar Scope: compile
[DEBUG] Adding to surefire booter test classpath: /home/devmac/.m2/repository/org/apache/maven/surefire/surefire-api/2.18.1/surefire-api-2.18.1.jar Scope: compile
[DEBUG] Using JVM: /usr/lib/jvm/java-8-oracle/jre/bin/java
[DEBUG] dummy:dummy:jar:1.0 (selected for null)
[DEBUG]   org.apache.maven.surefire:surefire-junit4:jar:2.18.1:test (selected for test)
[DEBUG]     org.apache.maven.surefire:surefire-api:jar:2.18.1:test (selected for test)
[DEBUG] Adding to surefire test classpath: /home/devmac/.m2/repository/org/apache/maven/surefire/surefire-junit4/2.18.1/surefire-junit4-2.18.1.jar Scope: test
[DEBUG] Adding to surefire test classpath: /home/devmac/.m2/repository/org/apache/maven/surefire/surefire-api/2.18.1/surefire-api-2.18.1.jar Scope: test
[DEBUG] test classpath:  /home/devmac/workspace/freeboot/bootstrapplicator/target/test-classes  /home/devmac/workspace/freeboot/bootstrapplicator/target/classes  /home/devmac/.m2/repository/org/springframework/boot/spring-boot-starter-data-jpa/1.3.1.RELEASE/spring-boot-starter-data-jpa-1.3.1.RELEASE.jar  /home/devmac/.m2/repository/org/springframework/boot/spring-boot-starter/1.3.1.RELEASE/spring-boot-starter-1.3.1.RELEASE.jar  /home/devmac/.m2/repository/org/springframework/boot/spring-boot/1.3.1.RELEASE/spring-boot-1.3.1.RELEASE.jar  /home/devmac/.m2/repository/org/springframework/boot/spring-boot-autoconfigure/1.3.1.RELEASE/spring-boot-autoconfigure-1.3.1.RELEASE.jar  /home/devmac/.m2/repository/org/springframework/boot/spring-boot-starter-logging/1.3.1.RELEASE/spring-boot-starter-logging-1.3.1.RELEASE.jar  /home/devmac/.m2/repository/ch/qos/logback/logback-classic/1.1.3/logback-classic-1.1.3.jar  /home/devmac/.m2/repository/ch/qos/logback/logback-core/1.1.3/logback-core-1.1.3.jar  /home/devmac/.m2/repository/org/slf4j/jul-to-slf4j/1.7.13/jul-to-slf4j-1.7.13.jar  /home/devmac/.m2/repository/org/slf4j/log4j-over-slf4j/1.7.13/log4j-over-slf4j-1.7.13.jar  /home/devmac/.m2/repository/org/yaml/snakeyaml/1.16/snakeyaml-1.16.jar  /home/devmac/.m2/repository/org/springframework/boot/spring-boot-starter-aop/1.3.1.RELEASE/spring-boot-starter-aop-1.3.1.RELEASE.jar  /home/devmac/.m2/repository/org/springframework/spring-aop/4.2.4.RELEASE/spring-aop-4.2.4.RELEASE.jar  /home/devmac/.m2/repository/aopalliance/aopalliance/1.0/aopalliance-1.0.jar  /home/devmac/.m2/repository/org/aspectj/aspectjweaver/1.8.7/aspectjweaver-1.8.7.jar  /home/devmac/.m2/repository/org/springframework/boot/spring-boot-starter-jdbc/1.3.1.RELEASE/spring-boot-starter-jdbc-1.3.1.RELEASE.jar  /home/devmac/.m2/repository/org/apache/tomcat/tomcat-jdbc/8.0.30/tomcat-jdbc-8.0.30.jar  /home/devmac/.m2/repository/org/apache/tomcat/tomcat-juli/8.0.30/tomcat-juli-8.0.30.jar  /home/devmac/.m2/repository/org/springframework/spring-jdbc/4.2.4.RELEASE/spring-jdbc-4.2.4.RELEASE.jar  /home/devmac/.m2/repository/org/hibernate/hibernate-entitymanager/4.3.11.Final/hibernate-entitymanager-4.3.11.Final.jar  /home/devmac/.m2/repository/javax/transaction/javax.transaction-api/1.2/javax.transaction-api-1.2.jar  /home/devmac/.m2/repository/org/springframework/data/spring-data-jpa/1.9.2.RELEASE/spring-data-jpa-1.9.2.RELEASE.jar  /home/devmac/.m2/repository/org/springframework/data/spring-data-commons/1.11.2.RELEASE/spring-data-commons-1.11.2.RELEASE.jar  /home/devmac/.m2/repository/org/springframework/spring-orm/4.2.4.RELEASE/spring-orm-4.2.4.RELEASE.jar  /home/devmac/.m2/repository/org/springframework/spring-context/4.2.4.RELEASE/spring-context-4.2.4.RELEASE.jar  /home/devmac/.m2/repository/org/springframework/spring-tx/4.2.4.RELEASE/spring-tx-4.2.4.RELEASE.jar  /home/devmac/.m2/repository/org/springframework/spring-beans/4.2.4.RELEASE/spring-beans-4.2.4.RELEASE.jar  /home/devmac/.m2/repository/org/slf4j/slf4j-api/1.7.13/slf4j-api-1.7.13.jar  /home/devmac/.m2/repository/org/slf4j/jcl-over-slf4j/1.7.13/jcl-over-slf4j-1.7.13.jar  /home/devmac/.m2/repository/org/springframework/spring-aspects/4.2.4.RELEASE/spring-aspects-4.2.4.RELEASE.jar  /home/devmac/.m2/repository/org/springframework/boot/spring-boot-starter-freemarker/1.3.1.RELEASE/spring-boot-starter-freemarker-1.3.1.RELEASE.jar  /home/devmac/.m2/repository/org/freemarker/freemarker/2.3.23/freemarker-2.3.23.jar  /home/devmac/.m2/repository/org/springframework/spring-context-support/4.2.4.RELEASE/spring-context-support-4.2.4.RELEASE.jar  /home/devmac/.m2/repository/org/springframework/boot/spring-boot-starter-web/1.3.1.RELEASE/spring-boot-starter-web-1.3.1.RELEASE.jar  /home/devmac/.m2/repository/org/springframework/boot/spring-boot-starter-tomcat/1.3.1.RELEASE/spring-boot-starter-tomcat-1.3.1.RELEASE.jar  /home/devmac/.m2/repository/org/apache/tomcat/embed/tomcat-embed-core/8.0.30/tomcat-embed-core-8.0.30.jar  /home/devmac/.m2/repository/org/apache/tomcat/embed/tomcat-embed-el/8.0.30/tomcat-embed-el-8.0.30.jar  /home/devmac/.m2/repository/org/apache/tomcat/embed/tomcat-embed-logging-juli/8.0.30/tomcat-embed-logging-juli-8.0.30.jar  /home/devmac/.m2/repository/org/apache/tomcat/embed/tomcat-embed-websocket/8.0.30/tomcat-embed-websocket-8.0.30.jar  /home/devmac/.m2/repository/org/springframework/boot/spring-boot-starter-validation/1.3.1.RELEASE/spring-boot-starter-validation-1.3.1.RELEASE.jar  /home/devmac/.m2/repository/org/hibernate/hibernate-validator/5.2.2.Final/hibernate-validator-5.2.2.Final.jar  /home/devmac/.m2/repository/com/fasterxml/jackson/core/jackson-databind/2.6.4/jackson-databind-2.6.4.jar  /home/devmac/.m2/repository/com/fasterxml/jackson/core/jackson-annotations/2.6.4/jackson-annotations-2.6.4.jar  /home/devmac/.m2/repository/com/fasterxml/jackson/core/jackson-core/2.6.4/jackson-core-2.6.4.jar  /home/devmac/.m2/repository/org/springframework/spring-web/4.2.4.RELEASE/spring-web-4.2.4.RELEASE.jar  /home/devmac/.m2/repository/org/springframework/spring-webmvc/4.2.4.RELEASE/spring-webmvc-4.2.4.RELEASE.jar  /home/devmac/.m2/repository/org/springframework/spring-expression/4.2.4.RELEASE/spring-expression-4.2.4.RELEASE.jar  /home/devmac/.m2/repository/com/h2database/h2/1.4.190/h2-1.4.190.jar  /home/devmac/.m2/repository/org/apache/commons/commons-lang3/3.4/commons-lang3-3.4.jar  /home/devmac/.m2/repository/org/springframework/boot/spring-boot-starter-test/1.3.1.RELEASE/spring-boot-starter-test-1.3.1.RELEASE.jar  /home/devmac/.m2/repository/junit/junit/4.12/junit-4.12.jar  /home/devmac/.m2/repository/org/mockito/mockito-core/1.10.19/mockito-core-1.10.19.jar  /home/devmac/.m2/repository/org/objenesis/objenesis/2.1/objenesis-2.1.jar  /home/devmac/.m2/repository/org/hamcrest/hamcrest-core/1.3/hamcrest-core-1.3.jar  /home/devmac/.m2/repository/org/hamcrest/hamcrest-library/1.3/hamcrest-library-1.3.jar  /home/devmac/.m2/repository/org/springframework/spring-core/4.2.4.RELEASE/spring-core-4.2.4.RELEASE.jar  /home/devmac/.m2/repository/org/springframework/spring-test/4.2.4.RELEASE/spring-test-4.2.4.RELEASE.jar  /home/devmac/.m2/repository/com/google/guava/guava/19.0/guava-19.0.jar
[DEBUG] provider classpath:  /home/devmac/.m2/repository/org/apache/maven/surefire/surefire-junit4/2.18.1/surefire-junit4-2.18.1.jar  /home/devmac/.m2/repository/org/apache/maven/surefire/surefire-api/2.18.1/surefire-api-2.18.1.jar
[DEBUG] test(compact) classpath:  test-classes  classes  spring-boot-starter-data-jpa-1.3.1.RELEASE.jar  spring-boot-starter-1.3.1.RELEASE.jar  spring-boot-1.3.1.RELEASE.jar  spring-boot-autoconfigure-1.3.1.RELEASE.jar  spring-boot-starter-logging-1.3.1.RELEASE.jar  logback-classic-1.1.3.jar  logback-core-1.1.3.jar  jul-to-slf4j-1.7.13.jar  log4j-over-slf4j-1.7.13.jar  snakeyaml-1.16.jar  spring-boot-starter-aop-1.3.1.RELEASE.jar  spring-aop-4.2.4.RELEASE.jar  aopalliance-1.0.jar  aspectjweaver-1.8.7.jar  spring-boot-starter-jdbc-1.3.1.RELEASE.jar  tomcat-jdbc-8.0.30.jar  tomcat-juli-8.0.30.jar  spring-jdbc-4.2.4.RELEASE.jar  hibernate-entitymanager-4.3.11.Final.jar  javax.transaction-api-1.2.jar  spring-data-jpa-1.9.2.RELEASE.jar  spring-data-commons-1.11.2.RELEASE.jar  spring-orm-4.2.4.RELEASE.jar  spring-context-4.2.4.RELEASE.jar  spring-tx-4.2.4.RELEASE.jar  spring-beans-4.2.4.RELEASE.jar  slf4j-api-1.7.13.jar  jcl-over-slf4j-1.7.13.jar  spring-aspects-4.2.4.RELEASE.jar  spring-boot-starter-freemarker-1.3.1.RELEASE.jar  freemarker-2.3.23.jar  spring-context-support-4.2.4.RELEASE.jar  spring-boot-starter-web-1.3.1.RELEASE.jar  spring-boot-starter-tomcat-1.3.1.RELEASE.jar  tomcat-embed-core-8.0.30.jar  tomcat-embed-el-8.0.30.jar  tomcat-embed-logging-juli-8.0.30.jar  tomcat-embed-websocket-8.0.30.jar  spring-boot-starter-validation-1.3.1.RELEASE.jar  hibernate-validator-5.2.2.Final.jar  jackson-databind-2.6.4.jar  jackson-annotations-2.6.4.jar  jackson-core-2.6.4.jar  spring-web-4.2.4.RELEASE.jar  spring-webmvc-4.2.4.RELEASE.jar  spring-expression-4.2.4.RELEASE.jar  h2-1.4.190.jar  commons-lang3-3.4.jar  spring-boot-starter-test-1.3.1.RELEASE.jar  junit-4.12.jar  mockito-core-1.10.19.jar  objenesis-2.1.jar  hamcrest-core-1.3.jar  hamcrest-library-1.3.jar  spring-core-4.2.4.RELEASE.jar  spring-test-4.2.4.RELEASE.jar  guava-19.0.jar
[DEBUG] provider(compact) classpath:  surefire-junit4-2.18.1.jar  surefire-api-2.18.1.jar

-------------------------------------------------------
 T E S T S
-------------------------------------------------------
[DEBUG] boot classpath:  /home/devmac/.m2/repository/org/apache/maven/surefire/surefire-booter/2.18.1/surefire-booter-2.18.1.jar  /home/devmac/.m2/repository/org/apache/maven/surefire/surefire-api/2.18.1/surefire-api-2.18.1.jar  /home/devmac/workspace/freeboot/bootstrapplicator/target/test-classes  /home/devmac/workspace/freeboot/bootstrapplicator/target/classes  /home/devmac/.m2/repository/org/springframework/boot/spring-boot-starter-data-jpa/1.3.1.RELEASE/spring-boot-starter-data-jpa-1.3.1.RELEASE.jar  /home/devmac/.m2/repository/org/springframework/boot/spring-boot-starter/1.3.1.RELEASE/spring-boot-starter-1.3.1.RELEASE.jar  /home/devmac/.m2/repository/org/springframework/boot/spring-boot/1.3.1.RELEASE/spring-boot-1.3.1.RELEASE.jar  /home/devmac/.m2/repository/org/springframework/boot/spring-boot-autoconfigure/1.3.1.RELEASE/spring-boot-autoconfigure-1.3.1.RELEASE.jar  /home/devmac/.m2/repository/org/springframework/boot/spring-boot-starter-logging/1.3.1.RELEASE/spring-boot-starter-logging-1.3.1.RELEASE.jar  /home/devmac/.m2/repository/ch/qos/logback/logback-classic/1.1.3/logback-classic-1.1.3.jar  /home/devmac/.m2/repository/ch/qos/logback/logback-core/1.1.3/logback-core-1.1.3.jar  /home/devmac/.m2/repository/org/slf4j/jul-to-slf4j/1.7.13/jul-to-slf4j-1.7.13.jar  /home/devmac/.m2/repository/org/slf4j/log4j-over-slf4j/1.7.13/log4j-over-slf4j-1.7.13.jar  /home/devmac/.m2/repository/org/yaml/snakeyaml/1.16/snakeyaml-1.16.jar  /home/devmac/.m2/repository/org/springframework/boot/spring-boot-starter-aop/1.3.1.RELEASE/spring-boot-starter-aop-1.3.1.RELEASE.jar  /home/devmac/.m2/repository/org/springframework/spring-aop/4.2.4.RELEASE/spring-aop-4.2.4.RELEASE.jar  /home/devmac/.m2/repository/aopalliance/aopalliance/1.0/aopalliance-1.0.jar  /home/devmac/.m2/repository/org/aspectj/aspectjweaver/1.8.7/aspectjweaver-1.8.7.jar  /home/devmac/.m2/repository/org/springframework/boot/spring-boot-starter-jdbc/1.3.1.RELEASE/spring-boot-starter-jdbc-1.3.1.RELEASE.jar  /home/devmac/.m2/repository/org/apache/tomcat/tomcat-jdbc/8.0.30/tomcat-jdbc-8.0.30.jar  /home/devmac/.m2/repository/org/apache/tomcat/tomcat-juli/8.0.30/tomcat-juli-8.0.30.jar  /home/devmac/.m2/repository/org/springframework/spring-jdbc/4.2.4.RELEASE/spring-jdbc-4.2.4.RELEASE.jar  /home/devmac/.m2/repository/org/hibernate/hibernate-entitymanager/4.3.11.Final/hibernate-entitymanager-4.3.11.Final.jar  /home/devmac/.m2/repository/javax/transaction/javax.transaction-api/1.2/javax.transaction-api-1.2.jar  /home/devmac/.m2/repository/org/springframework/data/spring-data-jpa/1.9.2.RELEASE/spring-data-jpa-1.9.2.RELEASE.jar  /home/devmac/.m2/repository/org/springframework/data/spring-data-commons/1.11.2.RELEASE/spring-data-commons-1.11.2.RELEASE.jar  /home/devmac/.m2/repository/org/springframework/spring-orm/4.2.4.RELEASE/spring-orm-4.2.4.RELEASE.jar  /home/devmac/.m2/repository/org/springframework/spring-context/4.2.4.RELEASE/spring-context-4.2.4.RELEASE.jar  /home/devmac/.m2/repository/org/springframework/spring-tx/4.2.4.RELEASE/spring-tx-4.2.4.RELEASE.jar  /home/devmac/.m2/repository/org/springframework/spring-beans/4.2.4.RELEASE/spring-beans-4.2.4.RELEASE.jar  /home/devmac/.m2/repository/org/slf4j/slf4j-api/1.7.13/slf4j-api-1.7.13.jar  /home/devmac/.m2/repository/org/slf4j/jcl-over-slf4j/1.7.13/jcl-over-slf4j-1.7.13.jar  /home/devmac/.m2/repository/org/springframework/spring-aspects/4.2.4.RELEASE/spring-aspects-4.2.4.RELEASE.jar  /home/devmac/.m2/repository/org/springframework/boot/spring-boot-starter-freemarker/1.3.1.RELEASE/spring-boot-starter-freemarker-1.3.1.RELEASE.jar  /home/devmac/.m2/repository/org/freemarker/freemarker/2.3.23/freemarker-2.3.23.jar  /home/devmac/.m2/repository/org/springframework/spring-context-support/4.2.4.RELEASE/spring-context-support-4.2.4.RELEASE.jar  /home/devmac/.m2/repository/org/springframework/boot/spring-boot-starter-web/1.3.1.RELEASE/spring-boot-starter-web-1.3.1.RELEASE.jar  /home/devmac/.m2/repository/org/springframework/boot/spring-boot-starter-tomcat/1.3.1.RELEASE/spring-boot-starter-tomcat-1.3.1.RELEASE.jar  /home/devmac/.m2/repository/org/apache/tomcat/embed/tomcat-embed-core/8.0.30/tomcat-embed-core-8.0.30.jar  /home/devmac/.m2/repository/org/apache/tomcat/embed/tomcat-embed-el/8.0.30/tomcat-embed-el-8.0.30.jar  /home/devmac/.m2/repository/org/apache/tomcat/embed/tomcat-embed-logging-juli/8.0.30/tomcat-embed-logging-juli-8.0.30.jar  /home/devmac/.m2/repository/org/apache/tomcat/embed/tomcat-embed-websocket/8.0.30/tomcat-embed-websocket-8.0.30.jar  /home/devmac/.m2/repository/org/springframework/boot/spring-boot-starter-validation/1.3.1.RELEASE/spring-boot-starter-validation-1.3.1.RELEASE.jar  /home/devmac/.m2/repository/org/hibernate/hibernate-validator/5.2.2.Final/hibernate-validator-5.2.2.Final.jar  /home/devmac/.m2/repository/com/fasterxml/jackson/core/jackson-databind/2.6.4/jackson-databind-2.6.4.jar  /home/devmac/.m2/repository/com/fasterxml/jackson/core/jackson-annotations/2.6.4/jackson-annotations-2.6.4.jar  /home/devmac/.m2/repository/com/fasterxml/jackson/core/jackson-core/2.6.4/jackson-core-2.6.4.jar  /home/devmac/.m2/repository/org/springframework/spring-web/4.2.4.RELEASE/spring-web-4.2.4.RELEASE.jar  /home/devmac/.m2/repository/org/springframework/spring-webmvc/4.2.4.RELEASE/spring-webmvc-4.2.4.RELEASE.jar  /home/devmac/.m2/repository/org/springframework/spring-expression/4.2.4.RELEASE/spring-expression-4.2.4.RELEASE.jar  /home/devmac/.m2/repository/com/h2database/h2/1.4.190/h2-1.4.190.jar  /home/devmac/.m2/repository/org/apache/commons/commons-lang3/3.4/commons-lang3-3.4.jar  /home/devmac/.m2/repository/org/springframework/boot/spring-boot-starter-test/1.3.1.RELEASE/spring-boot-starter-test-1.3.1.RELEASE.jar  /home/devmac/.m2/repository/junit/junit/4.12/junit-4.12.jar  /home/devmac/.m2/repository/org/mockito/mockito-core/1.10.19/mockito-core-1.10.19.jar  /home/devmac/.m2/repository/org/objenesis/objenesis/2.1/objenesis-2.1.jar  /home/devmac/.m2/repository/org/hamcrest/hamcrest-core/1.3/hamcrest-core-1.3.jar  /home/devmac/.m2/repository/org/hamcrest/hamcrest-library/1.3/hamcrest-library-1.3.jar  /home/devmac/.m2/repository/org/springframework/spring-core/4.2.4.RELEASE/spring-core-4.2.4.RELEASE.jar  /home/devmac/.m2/repository/org/springframework/spring-test/4.2.4.RELEASE/spring-test-4.2.4.RELEASE.jar  /home/devmac/.m2/repository/com/google/guava/guava/19.0/guava-19.0.jar  /home/devmac/.m2/repository/org/apache/maven/surefire/surefire-junit4/2.18.1/surefire-junit4-2.18.1.jar
[DEBUG] boot(compact) classpath:  surefire-booter-2.18.1.jar  surefire-api-2.18.1.jar  test-classes  classes  spring-boot-starter-data-jpa-1.3.1.RELEASE.jar  spring-boot-starter-1.3.1.RELEASE.jar  spring-boot-1.3.1.RELEASE.jar  spring-boot-autoconfigure-1.3.1.RELEASE.jar  spring-boot-starter-logging-1.3.1.RELEASE.jar  logback-classic-1.1.3.jar  logback-core-1.1.3.jar  jul-to-slf4j-1.7.13.jar  log4j-over-slf4j-1.7.13.jar  snakeyaml-1.16.jar  spring-boot-starter-aop-1.3.1.RELEASE.jar  spring-aop-4.2.4.RELEASE.jar  aopalliance-1.0.jar  aspectjweaver-1.8.7.jar  spring-boot-starter-jdbc-1.3.1.RELEASE.jar  tomcat-jdbc-8.0.30.jar  tomcat-juli-8.0.30.jar  spring-jdbc-4.2.4.RELEASE.jar  hibernate-entitymanager-4.3.11.Final.jar  javax.transaction-api-1.2.jar  spring-data-jpa-1.9.2.RELEASE.jar  spring-data-commons-1.11.2.RELEASE.jar  spring-orm-4.2.4.RELEASE.jar  spring-context-4.2.4.RELEASE.jar  spring-tx-4.2.4.RELEASE.jar  spring-beans-4.2.4.RELEASE.jar  slf4j-api-1.7.13.jar  jcl-over-slf4j-1.7.13.jar  spring-aspects-4.2.4.RELEASE.jar  spring-boot-starter-freemarker-1.3.1.RELEASE.jar  freemarker-2.3.23.jar  spring-context-support-4.2.4.RELEASE.jar  spring-boot-starter-web-1.3.1.RELEASE.jar  spring-boot-starter-tomcat-1.3.1.RELEASE.jar  tomcat-embed-core-8.0.30.jar  tomcat-embed-el-8.0.30.jar  tomcat-embed-logging-juli-8.0.30.jar  tomcat-embed-websocket-8.0.30.jar  spring-boot-starter-validation-1.3.1.RELEASE.jar  hibernate-validator-5.2.2.Final.jar  jackson-databind-2.6.4.jar  jackson-annotations-2.6.4.jar  jackson-core-2.6.4.jar  spring-web-4.2.4.RELEASE.jar  spring-webmvc-4.2.4.RELEASE.jar  spring-expression-4.2.4.RELEASE.jar  h2-1.4.190.jar  commons-lang3-3.4.jar  spring-boot-starter-test-1.3.1.RELEASE.jar  junit-4.12.jar  mockito-core-1.10.19.jar  objenesis-2.1.jar  hamcrest-core-1.3.jar  hamcrest-library-1.3.jar  spring-core-4.2.4.RELEASE.jar  spring-test-4.2.4.RELEASE.jar  guava-19.0.jar  surefire-junit4-2.18.1.jar
Forking command line: /bin/sh -c cd /home/devmac/workspace/freeboot/bootstrapplicator && /usr/lib/jvm/java-8-oracle/jre/bin/java -jar /home/devmac/workspace/freeboot/bootstrapplicator/target/surefire/surefirebooter3339397317828141539.jar /home/devmac/workspace/freeboot/bootstrapplicator/target/surefire/surefire4131719058295222253tmp /home/devmac/workspace/freeboot/bootstrapplicator/target/surefire/surefire_01463489192887688737tmp
19:04:27.569 [main] DEBUG o.s.t.c.j.SpringJUnit4ClassRunner - SpringJUnit4ClassRunner constructor called with [class io.freeboot.BootstrapApplicationTests]
19:04:27.600 [main] DEBUG o.s.test.context.BootstrapUtils - Instantiating CacheAwareContextLoaderDelegate from class [org.springframework.test.context.cache.DefaultCacheAwareContextLoaderDelegate]
19:04:27.628 [main] DEBUG o.s.test.context.BootstrapUtils - Instantiating BootstrapContext using constructor [public org.springframework.test.context.support.DefaultBootstrapContext(java.lang.Class,org.springframework.test.context.CacheAwareContextLoaderDelegate)]
19:04:27.711 [main] DEBUG o.s.test.context.BootstrapUtils - Instantiating TestContextBootstrapper for test class [io.freeboot.BootstrapApplicationTests] from class [org.springframework.test.context.web.WebTestContextBootstrapper]
19:04:27.789 [main] DEBUG o.s.t.c.w.WebTestContextBootstrapper - Found explicit ContextLoader class [org.springframework.boot.test.SpringApplicationContextLoader] for context configuration attributes [ContextConfigurationAttributes@148080bb declaringClass = 'io.freeboot.BootstrapApplicationTests', classes = '{class io.freeboot.BootstrapApplication}', locations = '{}', inheritLocations = true, initializers = '{}', inheritInitializers = true, name = [null], contextLoaderClass = 'org.springframework.boot.test.SpringApplicationContextLoader']
19:04:27.820 [main] DEBUG o.s.t.c.s.AbstractContextLoader - Did not detect default resource location for test class [io.freeboot.BootstrapApplicationTests]: class path resource [io/freeboot/BootstrapApplicationTests-context.xml] does not exist
19:04:27.821 [main] DEBUG o.s.t.c.s.AbstractContextLoader - Did not detect default resource location for test class [io.freeboot.BootstrapApplicationTests]: class path resource [io/freeboot/BootstrapApplicationTestsContext.groovy] does not exist
19:04:27.825 [main] INFO  o.s.t.c.s.AbstractContextLoader - Could not detect default resource locations for test class [io.freeboot.BootstrapApplicationTests]: no resource found for suffixes {-context.xml, Context.groovy}.
19:04:27.833 [main] DEBUG o.s.t.c.support.ActiveProfilesUtils - Could not find an 'annotation declaring class' for annotation type [org.springframework.test.context.ActiveProfiles] and class [io.freeboot.BootstrapApplicationTests]
19:04:27.842 [main] DEBUG o.s.t.c.w.WebTestContextBootstrapper - @TestExecutionListeners is not present for class [io.freeboot.BootstrapApplicationTests]: using defaults.
19:04:27.861 [main] INFO  o.s.t.c.w.WebTestContextBootstrapper - Loaded default TestExecutionListener class names from location [META-INF/spring.factories]: [org.springframework.test.context.web.ServletTestExecutionListener, org.springframework.test.context.support.DirtiesContextBeforeModesTestExecutionListener, org.springframework.test.context.support.DependencyInjectionTestExecutionListener, org.springframework.test.context.support.DirtiesContextTestExecutionListener, org.springframework.test.context.transaction.TransactionalTestExecutionListener, org.springframework.test.context.jdbc.SqlScriptsTestExecutionListener]
19:04:27.904 [main] INFO  o.s.t.c.w.WebTestContextBootstrapper - Using TestExecutionListeners: [org.springframework.test.context.web.ServletTestExecutionListener@5faeada1, org.springframework.test.context.support.DirtiesContextBeforeModesTestExecutionListener@528931cf, org.springframework.test.context.support.DependencyInjectionTestExecutionListener@ea1a8d5, org.springframework.test.context.support.DirtiesContextTestExecutionListener@1563da5, org.springframework.test.context.transaction.TransactionalTestExecutionListener@2bbf4b8b, org.springframework.test.context.jdbc.SqlScriptsTestExecutionListener@30a3107a]
19:04:27.916 [main] DEBUG o.s.t.annotation.ProfileValueUtils - Retrieved @ProfileValueSourceConfiguration [null] for test class [io.freeboot.BootstrapApplicationTests]
19:04:27.917 [main] DEBUG o.s.t.annotation.ProfileValueUtils - Retrieved ProfileValueSource type [class org.springframework.test.annotation.SystemProfileValueSource] for class [io.freeboot.BootstrapApplicationTests]
Running io.freeboot.BootstrapApplicationTests
19:04:27.930 [main] DEBUG o.s.t.c.j.SpringJUnit4ClassRunner - SpringJUnit4ClassRunner constructor called with [class io.freeboot.BootstrapApplicationTests]
19:04:27.930 [main] DEBUG o.s.test.context.BootstrapUtils - Instantiating CacheAwareContextLoaderDelegate from class [org.springframework.test.context.cache.DefaultCacheAwareContextLoaderDelegate]
19:04:27.931 [main] DEBUG o.s.test.context.BootstrapUtils - Instantiating BootstrapContext using constructor [public org.springframework.test.context.support.DefaultBootstrapContext(java.lang.Class,org.springframework.test.context.CacheAwareContextLoaderDelegate)]
19:04:27.933 [main] DEBUG o.s.test.context.BootstrapUtils - Instantiating TestContextBootstrapper for test class [io.freeboot.BootstrapApplicationTests] from class [org.springframework.test.context.web.WebTestContextBootstrapper]
19:04:27.947 [main] DEBUG o.s.t.c.w.WebTestContextBootstrapper - Found explicit ContextLoader class [org.springframework.boot.test.SpringApplicationContextLoader] for context configuration attributes [ContextConfigurationAttributes@467aecef declaringClass = 'io.freeboot.BootstrapApplicationTests', classes = '{class io.freeboot.BootstrapApplication}', locations = '{}', inheritLocations = true, initializers = '{}', inheritInitializers = true, name = [null], contextLoaderClass = 'org.springframework.boot.test.SpringApplicationContextLoader']
19:04:27.948 [main] DEBUG o.s.t.c.s.AbstractContextLoader - Did not detect default resource location for test class [io.freeboot.BootstrapApplicationTests]: class path resource [io/freeboot/BootstrapApplicationTests-context.xml] does not exist
19:04:27.949 [main] DEBUG o.s.t.c.s.AbstractContextLoader - Did not detect default resource location for test class [io.freeboot.BootstrapApplicationTests]: class path resource [io/freeboot/BootstrapApplicationTestsContext.groovy] does not exist
19:04:27.949 [main] INFO  o.s.t.c.s.AbstractContextLoader - Could not detect default resource locations for test class [io.freeboot.BootstrapApplicationTests]: no resource found for suffixes {-context.xml, Context.groovy}.
19:04:27.950 [main] DEBUG o.s.t.c.support.ActiveProfilesUtils - Could not find an 'annotation declaring class' for annotation type [org.springframework.test.context.ActiveProfiles] and class [io.freeboot.BootstrapApplicationTests]
19:04:27.955 [main] DEBUG o.s.t.c.w.WebTestContextBootstrapper - @TestExecutionListeners is not present for class [io.freeboot.BootstrapApplicationTests]: using defaults.
19:04:27.966 [main] INFO  o.s.t.c.w.WebTestContextBootstrapper - Loaded default TestExecutionListener class names from location [META-INF/spring.factories]: [org.springframework.test.context.web.ServletTestExecutionListener, org.springframework.test.context.support.DirtiesContextBeforeModesTestExecutionListener, org.springframework.test.context.support.DependencyInjectionTestExecutionListener, org.springframework.test.context.support.DirtiesContextTestExecutionListener, org.springframework.test.context.transaction.TransactionalTestExecutionListener, org.springframework.test.context.jdbc.SqlScriptsTestExecutionListener]
19:04:27.968 [main] INFO  o.s.t.c.w.WebTestContextBootstrapper - Using TestExecutionListeners: [org.springframework.test.context.web.ServletTestExecutionListener@3234e239, org.springframework.test.context.support.DirtiesContextBeforeModesTestExecutionListener@3d921e20, org.springframework.test.context.support.DependencyInjectionTestExecutionListener@36b4cef0, org.springframework.test.context.support.DirtiesContextTestExecutionListener@fad74ee, org.springframework.test.context.transaction.TransactionalTestExecutionListener@1a1d6a08, org.springframework.test.context.jdbc.SqlScriptsTestExecutionListener@37d31475]
19:04:27.971 [main] DEBUG o.s.t.annotation.ProfileValueUtils - Retrieved @ProfileValueSourceConfiguration [null] for test class [io.freeboot.BootstrapApplicationTests]
19:04:27.972 [main] DEBUG o.s.t.annotation.ProfileValueUtils - Retrieved ProfileValueSource type [class org.springframework.test.annotation.SystemProfileValueSource] for class [io.freeboot.BootstrapApplicationTests]
19:04:27.975 [main] DEBUG o.s.t.annotation.ProfileValueUtils - Retrieved @ProfileValueSourceConfiguration [null] for test class [io.freeboot.BootstrapApplicationTests]
19:04:27.976 [main] DEBUG o.s.t.annotation.ProfileValueUtils - Retrieved ProfileValueSource type [class org.springframework.test.annotation.SystemProfileValueSource] for class [io.freeboot.BootstrapApplicationTests]
19:04:27.977 [main] DEBUG o.s.t.c.s.AbstractDirtiesContextTestExecutionListener - Before test class: context [DefaultTestContext@58c1670b testClass = BootstrapApplicationTests, testInstance = [null], testMethod = [null], testException = [null], mergedContextConfiguration = [WebMergedContextConfiguration@6b57696f testClass = BootstrapApplicationTests, locations = '{}', classes = '{class io.freeboot.BootstrapApplication}', contextInitializerClasses = '[]', activeProfiles = '{}', propertySourceLocations = '{}', propertySourceProperties = '{}', resourceBasePath = 'src/main/webapp', contextLoader = 'org.springframework.boot.test.SpringApplicationContextLoader', parent = [null]]], class annotated with @DirtiesContext [false] with mode [null].
19:04:27.985 [main] DEBUG o.s.t.annotation.ProfileValueUtils - Retrieved @ProfileValueSourceConfiguration [null] for test class [io.freeboot.BootstrapApplicationTests]
19:04:27.985 [main] DEBUG o.s.t.annotation.ProfileValueUtils - Retrieved ProfileValueSource type [class org.springframework.test.annotation.SystemProfileValueSource] for class [io.freeboot.BootstrapApplicationTests]
19:04:28.095 [main] DEBUG o.s.core.env.StandardEnvironment - Adding [systemProperties] PropertySource with lowest search precedence
19:04:28.099 [main] DEBUG o.s.core.env.StandardEnvironment - Adding [systemEnvironment] PropertySource with lowest search precedence
19:04:28.099 [main] DEBUG o.s.core.env.StandardEnvironment - Initialized StandardEnvironment with PropertySources [systemProperties,systemEnvironment]
19:04:28.102 [main] DEBUG o.s.core.env.StandardEnvironment - Adding [integrationTest] PropertySource with search precedence immediately lower than [systemEnvironment]

  .   ____          _            __ _ _
 /\\ / ___'_ __ _ _(_)_ __  __ _ \ \ \ \
( ( )\___ | '_ | '_| | '_ \/ _` | \ \ \ \
 \\/  ___)| |_)| | | | | || (_| |  ) ) ) )
  '  |____| .__|_| |_|_| |_\__, | / / / /
 =========|_|==============|___/=/_/_/_/
 :: Spring Boot ::        (v1.3.1.RELEASE)

2016-01-21 19:04:28.759  INFO 3000 --- [           main] io.freeboot.BootstrapApplicationTests    : Starting BootstrapApplicationTests on Java-8-Dev-Machine with PID 3000 (/home/devmac/workspace/freeboot/bootstrapplicator/target/test-classes started by devmac in /home/devmac/workspace/freeboot/bootstrapplicator)
2016-01-21 19:04:28.764  INFO 3000 --- [           main] io.freeboot.BootstrapApplicationTests    : No active profile set, falling back to default profiles: default
2016-01-21 19:04:28.975  INFO 3000 --- [           main] o.s.w.c.s.GenericWebApplicationContext   : Refreshing org.springframework.web.context.support.GenericWebApplicationContext@4f18837a: startup date [Thu Jan 21 19:04:28 NZDT 2016]; root of context hierarchy
2016-01-21 19:04:30.877  INFO 3000 --- [           main] o.s.b.f.s.DefaultListableBeanFactory     : Overriding bean definition for bean 'beanNameViewResolver' with a different definition: replacing [Root bean: class [null]; scope=; abstract=false; lazyInit=false; autowireMode=3; dependencyCheck=0; autowireCandidate=true; primary=false; factoryBeanName=org.springframework.boot.autoconfigure.web.ErrorMvcAutoConfiguration$WhitelabelErrorViewConfiguration; factoryMethodName=beanNameViewResolver; initMethodName=null; destroyMethodName=(inferred); defined in class path resource [org/springframework/boot/autoconfigure/web/ErrorMvcAutoConfiguration$WhitelabelErrorViewConfiguration.class]] with [Root bean: class [null]; scope=; abstract=false; lazyInit=false; autowireMode=3; dependencyCheck=0; autowireCandidate=true; primary=false; factoryBeanName=org.springframework.boot.autoconfigure.web.WebMvcAutoConfiguration$WebMvcAutoConfigurationAdapter; factoryMethodName=beanNameViewResolver; initMethodName=null; destroyMethodName=(inferred); defined in class path resource [org/springframework/boot/autoconfigure/web/WebMvcAutoConfiguration$WebMvcAutoConfigurationAdapter.class]]
2016-01-21 19:04:31.629 ERROR 3000 --- [           main] o.s.boot.SpringApplication               : Application startup failed

java.lang.NoClassDefFoundError: javax/persistence/EntityManagerFactory
	at org.springframework.data.jpa.util.BeanDefinitionUtils.getEntityManagerFactoryBeanDefinitions(BeanDefinitionUtils.java:80) ~[spring-data-jpa-1.9.2.RELEASE.jar:na]
	at org.springframework.data.jpa.repository.support.EntityManagerBeanDefinitionRegistrarPostProcessor.postProcessBeanFactory(EntityManagerBeanDefinitionRegistrarPostProcessor.java:54) ~[spring-data-jpa-1.9.2.RELEASE.jar:na]
	at org.springframework.context.support.PostProcessorRegistrationDelegate.invokeBeanFactoryPostProcessors(PostProcessorRegistrationDelegate.java:284) ~[spring-context-4.2.4.RELEASE.jar:4.2.4.RELEASE]
	at org.springframework.context.support.PostProcessorRegistrationDelegate.invokeBeanFactoryPostProcessors(PostProcessorRegistrationDelegate.java:181) ~[spring-context-4.2.4.RELEASE.jar:4.2.4.RELEASE]
	at org.springframework.context.support.AbstractApplicationContext.invokeBeanFactoryPostProcessors(AbstractApplicationContext.java:678) ~[spring-context-4.2.4.RELEASE.jar:4.2.4.RELEASE]
	at org.springframework.context.support.AbstractApplicationContext.refresh(AbstractApplicationContext.java:520) ~[spring-context-4.2.4.RELEASE.jar:4.2.4.RELEASE]
	at org.springframework.boot.SpringApplication.refresh(SpringApplication.java:764) ~[spring-boot-1.3.1.RELEASE.jar:1.3.1.RELEASE]
	at org.springframework.boot.SpringApplication.doRun(SpringApplication.java:357) ~[spring-boot-1.3.1.RELEASE.jar:1.3.1.RELEASE]
	at org.springframework.boot.SpringApplication.run(SpringApplication.java:305) ~[spring-boot-1.3.1.RELEASE.jar:1.3.1.RELEASE]
	at org.springframework.boot.test.SpringApplicationContextLoader.loadContext(SpringApplicationContextLoader.java:98) [spring-boot-1.3.1.RELEASE.jar:1.3.1.RELEASE]
	at org.springframework.test.context.cache.DefaultCacheAwareContextLoaderDelegate.loadContextInternal(DefaultCacheAwareContextLoaderDelegate.java:98) [spring-test-4.2.4.RELEASE.jar:4.2.4.RELEASE]
	at org.springframework.test.context.cache.DefaultCacheAwareContextLoaderDelegate.loadContext(DefaultCacheAwareContextLoaderDelegate.java:116) [spring-test-4.2.4.RELEASE.jar:4.2.4.RELEASE]
	at org.springframework.test.context.support.DefaultTestContext.getApplicationContext(DefaultTestContext.java:83) [spring-test-4.2.4.RELEASE.jar:4.2.4.RELEASE]
	at org.springframework.test.context.web.ServletTestExecutionListener.setUpRequestContextIfNecessary(ServletTestExecutionListener.java:183) [spring-test-4.2.4.RELEASE.jar:4.2.4.RELEASE]
	at org.springframework.test.context.web.ServletTestExecutionListener.prepareTestInstance(ServletTestExecutionListener.java:123) [spring-test-4.2.4.RELEASE.jar:4.2.4.RELEASE]
	at org.springframework.test.context.TestContextManager.prepareTestInstance(TestContextManager.java:228) [spring-test-4.2.4.RELEASE.jar:4.2.4.RELEASE]
	at org.springframework.test.context.junit4.SpringJUnit4ClassRunner.createTest(SpringJUnit4ClassRunner.java:230) [spring-test-4.2.4.RELEASE.jar:4.2.4.RELEASE]
	at org.springframework.test.context.junit4.SpringJUnit4ClassRunner$1.runReflectiveCall(SpringJUnit4ClassRunner.java:289) [spring-test-4.2.4.RELEASE.jar:4.2.4.RELEASE]
	at org.junit.internal.runners.model.ReflectiveCallable.run(ReflectiveCallable.java:12) [junit-4.12.jar:4.12]
	at org.springframework.test.context.junit4.SpringJUnit4ClassRunner.methodBlock(SpringJUnit4ClassRunner.java:291) [spring-test-4.2.4.RELEASE.jar:4.2.4.RELEASE]
	at org.springframework.test.context.junit4.SpringJUnit4ClassRunner.runChild(SpringJUnit4ClassRunner.java:249) [spring-test-4.2.4.RELEASE.jar:4.2.4.RELEASE]
	at org.springframework.test.context.junit4.SpringJUnit4ClassRunner.runChild(SpringJUnit4ClassRunner.java:89) [spring-test-4.2.4.RELEASE.jar:4.2.4.RELEASE]
	at org.junit.runners.ParentRunner$3.run(ParentRunner.java:290) [junit-4.12.jar:4.12]
	at org.junit.runners.ParentRunner$1.schedule(ParentRunner.java:71) [junit-4.12.jar:4.12]
	at org.junit.runners.ParentRunner.runChildren(ParentRunner.java:288) [junit-4.12.jar:4.12]
	at org.junit.runners.ParentRunner.access$000(ParentRunner.java:58) [junit-4.12.jar:4.12]
	at org.junit.runners.ParentRunner$2.evaluate(ParentRunner.java:268) [junit-4.12.jar:4.12]
	at org.springframework.test.context.junit4.statements.RunBeforeTestClassCallbacks.evaluate(RunBeforeTestClassCallbacks.java:61) [spring-test-4.2.4.RELEASE.jar:4.2.4.RELEASE]
	at org.springframework.test.context.junit4.statements.RunAfterTestClassCallbacks.evaluate(RunAfterTestClassCallbacks.java:70) [spring-test-4.2.4.RELEASE.jar:4.2.4.RELEASE]
	at org.junit.runners.ParentRunner.run(ParentRunner.java:363) [junit-4.12.jar:4.12]
	at org.springframework.test.context.junit4.SpringJUnit4ClassRunner.run(SpringJUnit4ClassRunner.java:193) [spring-test-4.2.4.RELEASE.jar:4.2.4.RELEASE]
	at org.apache.maven.surefire.junit4.JUnit4Provider.execute(JUnit4Provider.java:283) [surefire-junit4-2.18.1.jar:2.18.1]
	at org.apache.maven.surefire.junit4.JUnit4Provider.executeWithRerun(JUnit4Provider.java:173) [surefire-junit4-2.18.1.jar:2.18.1]
	at org.apache.maven.surefire.junit4.JUnit4Provider.executeTestSet(JUnit4Provider.java:153) [surefire-junit4-2.18.1.jar:2.18.1]
	at org.apache.maven.surefire.junit4.JUnit4Provider.invoke(JUnit4Provider.java:128) [surefire-junit4-2.18.1.jar:2.18.1]
	at org.apache.maven.surefire.booter.ForkedBooter.invokeProviderInSameClassLoader(ForkedBooter.java:203) [surefire-booter-2.18.1.jar:2.18.1]
	at org.apache.maven.surefire.booter.ForkedBooter.runSuitesInProcess(ForkedBooter.java:155) [surefire-booter-2.18.1.jar:2.18.1]
	at org.apache.maven.surefire.booter.ForkedBooter.main(ForkedBooter.java:103) [surefire-booter-2.18.1.jar:2.18.1]
Caused by: java.lang.ClassNotFoundException: javax.persistence.EntityManagerFactory
	at java.net.URLClassLoader.findClass(URLClassLoader.java:381) ~[na:1.8.0_66]
	at java.lang.ClassLoader.loadClass(ClassLoader.java:424) ~[na:1.8.0_66]
	at sun.misc.Launcher$AppClassLoader.loadClass(Launcher.java:331) ~[na:1.8.0_66]
	at java.lang.ClassLoader.loadClass(ClassLoader.java:357) ~[na:1.8.0_66]
	... 38 common frames omitted

2016-01-21 19:04:31.648  INFO 3000 --- [           main] .b.l.ClasspathLoggingApplicationListener : Application failed to start with classpath: [file:/home/devmac/workspace/freeboot/bootstrapplicator/target/surefire/surefirebooter3339397317828141539.jar]
Tests run: 1, Failures: 0, Errors: 1, Skipped: 0, Time elapsed: 3.758 sec <<< FAILURE! - in io.freeboot.BootstrapApplicationTests
contextLoads(io.freeboot.BootstrapApplicationTests)  Time elapsed: 0.025 sec  <<< ERROR!
java.lang.NoClassDefFoundError: javax/persistence/EntityManagerFactory
	at org.springframework.data.jpa.util.BeanDefinitionUtils.getEntityManagerFactoryBeanDefinitions(BeanDefinitionUtils.java:80)
	at org.springframework.data.jpa.repository.support.EntityManagerBeanDefinitionRegistrarPostProcessor.postProcessBeanFactory(EntityManagerBeanDefinitionRegistrarPostProcessor.java:54)
	at org.springframework.context.support.PostProcessorRegistrationDelegate.invokeBeanFactoryPostProcessors(PostProcessorRegistrationDelegate.java:284)
	at org.springframework.context.support.PostProcessorRegistrationDelegate.invokeBeanFactoryPostProcessors(PostProcessorRegistrationDelegate.java:181)
	at org.springframework.context.support.AbstractApplicationContext.invokeBeanFactoryPostProcessors(AbstractApplicationContext.java:678)
	at org.springframework.context.support.AbstractApplicationContext.refresh(AbstractApplicationContext.java:520)
	at org.springframework.boot.SpringApplication.refresh(SpringApplication.java:764)
	at org.springframework.boot.SpringApplication.doRun(SpringApplication.java:357)
	at org.springframework.boot.SpringApplication.run(SpringApplication.java:305)
	at org.springframework.boot.test.SpringApplicationContextLoader.loadContext(SpringApplicationContextLoader.java:98)
	at org.springframework.test.context.cache.DefaultCacheAwareContextLoaderDelegate.loadContextInternal(DefaultCacheAwareContextLoaderDelegate.java:98)
	at org.springframework.test.context.cache.DefaultCacheAwareContextLoaderDelegate.loadContext(DefaultCacheAwareContextLoaderDelegate.java:116)
	at org.springframework.test.context.support.DefaultTestContext.getApplicationContext(DefaultTestContext.java:83)
	at org.springframework.test.context.web.ServletTestExecutionListener.setUpRequestContextIfNecessary(ServletTestExecutionListener.java:183)
	at org.springframework.test.context.web.ServletTestExecutionListener.prepareTestInstance(ServletTestExecutionListener.java:123)
	at org.springframework.test.context.TestContextManager.prepareTestInstance(TestContextManager.java:228)
	at org.springframework.test.context.junit4.SpringJUnit4ClassRunner.createTest(SpringJUnit4ClassRunner.java:230)
	at org.springframework.test.context.junit4.SpringJUnit4ClassRunner$1.runReflectiveCall(SpringJUnit4ClassRunner.java:289)
	at org.junit.internal.runners.model.ReflectiveCallable.run(ReflectiveCallable.java:12)
	at org.springframework.test.context.junit4.SpringJUnit4ClassRunner.methodBlock(SpringJUnit4ClassRunner.java:291)
	at org.springframework.test.context.junit4.SpringJUnit4ClassRunner.runChild(SpringJUnit4ClassRunner.java:249)
	at org.springframework.test.context.junit4.SpringJUnit4ClassRunner.runChild(SpringJUnit4ClassRunner.java:89)
	at org.junit.runners.ParentRunner$3.run(ParentRunner.java:290)
	at org.junit.runners.ParentRunner$1.schedule(ParentRunner.java:71)
	at org.junit.runners.ParentRunner.runChildren(ParentRunner.java:288)
	at org.junit.runners.ParentRunner.access$000(ParentRunner.java:58)
	at org.junit.runners.ParentRunner$2.evaluate(ParentRunner.java:268)
	at org.springframework.test.context.junit4.statements.RunBeforeTestClassCallbacks.evaluate(RunBeforeTestClassCallbacks.java:61)
	at org.springframework.test.context.junit4.statements.RunAfterTestClassCallbacks.evaluate(RunAfterTestClassCallbacks.java:70)
	at org.junit.runners.ParentRunner.run(ParentRunner.java:363)
	at org.springframework.test.context.junit4.SpringJUnit4ClassRunner.run(SpringJUnit4ClassRunner.java:193)
	at org.apache.maven.surefire.junit4.JUnit4Provider.execute(JUnit4Provider.java:283)
	at org.apache.maven.surefire.junit4.JUnit4Provider.executeWithRerun(JUnit4Provider.java:173)
	at org.apache.maven.surefire.junit4.JUnit4Provider.executeTestSet(JUnit4Provider.java:153)
	at org.apache.maven.surefire.junit4.JUnit4Provider.invoke(JUnit4Provider.java:128)
	at org.apache.maven.surefire.booter.ForkedBooter.invokeProviderInSameClassLoader(ForkedBooter.java:203)
	at org.apache.maven.surefire.booter.ForkedBooter.runSuitesInProcess(ForkedBooter.java:155)
	at org.apache.maven.surefire.booter.ForkedBooter.main(ForkedBooter.java:103)
Caused by: java.lang.ClassNotFoundException: javax.persistence.EntityManagerFactory
	at java.net.URLClassLoader.findClass(URLClassLoader.java:381)
	at java.lang.ClassLoader.loadClass(ClassLoader.java:424)
	at sun.misc.Launcher$AppClassLoader.loadClass(Launcher.java:331)
	at java.lang.ClassLoader.loadClass(ClassLoader.java:357)
	at org.springframework.data.jpa.util.BeanDefinitionUtils.getEntityManagerFactoryBeanDefinitions(BeanDefinitionUtils.java:80)
	at org.springframework.data.jpa.repository.support.EntityManagerBeanDefinitionRegistrarPostProcessor.postProcessBeanFactory(EntityManagerBeanDefinitionRegistrarPostProcessor.java:54)
	at org.springframework.context.support.PostProcessorRegistrationDelegate.invokeBeanFactoryPostProcessors(PostProcessorRegistrationDelegate.java:284)
	at org.springframework.context.support.PostProcessorRegistrationDelegate.invokeBeanFactoryPostProcessors(PostProcessorRegistrationDelegate.java:181)
	at org.springframework.context.support.AbstractApplicationContext.invokeBeanFactoryPostProcessors(AbstractApplicationContext.java:678)
	at org.springframework.context.support.AbstractApplicationContext.refresh(AbstractApplicationContext.java:520)
	at org.springframework.boot.SpringApplication.refresh(SpringApplication.java:764)
	at org.springframework.boot.SpringApplication.doRun(SpringApplication.java:357)
	at org.springframework.boot.SpringApplication.run(SpringApplication.java:305)
	at org.springframework.boot.test.SpringApplicationContextLoader.loadContext(SpringApplicationContextLoader.java:98)
	at org.springframework.test.context.cache.DefaultCacheAwareContextLoaderDelegate.loadContextInternal(DefaultCacheAwareContextLoaderDelegate.java:98)
	at org.springframework.test.context.cache.DefaultCacheAwareContextLoaderDelegate.loadContext(DefaultCacheAwareContextLoaderDelegate.java:116)
	at org.springframework.test.context.support.DefaultTestContext.getApplicationContext(DefaultTestContext.java:83)
	at org.springframework.test.context.web.ServletTestExecutionListener.setUpRequestContextIfNecessary(ServletTestExecutionListener.java:183)
	at org.springframework.test.context.web.ServletTestExecutionListener.prepareTestInstance(ServletTestExecutionListener.java:123)
	at org.springframework.test.context.TestContextManager.prepareTestInstance(TestContextManager.java:228)
	at org.springframework.test.context.junit4.SpringJUnit4ClassRunner.createTest(SpringJUnit4ClassRunner.java:230)
	at org.springframework.test.context.junit4.SpringJUnit4ClassRunner$1.runReflectiveCall(SpringJUnit4ClassRunner.java:289)
	at org.junit.internal.runners.model.ReflectiveCallable.run(ReflectiveCallable.java:12)
	at org.springframework.test.context.junit4.SpringJUnit4ClassRunner.methodBlock(SpringJUnit4ClassRunner.java:291)
	at org.springframework.test.context.junit4.SpringJUnit4ClassRunner.runChild(SpringJUnit4ClassRunner.java:249)
	at org.springframework.test.context.junit4.SpringJUnit4ClassRunner.runChild(SpringJUnit4ClassRunner.java:89)
	at org.junit.runners.ParentRunner$3.run(ParentRunner.java:290)
	at org.junit.runners.ParentRunner$1.schedule(ParentRunner.java:71)
	at org.junit.runners.ParentRunner.runChildren(ParentRunner.java:288)
	at org.junit.runners.ParentRunner.access$000(ParentRunner.java:58)
	at org.junit.runners.ParentRunner$2.evaluate(ParentRunner.java:268)
	at org.springframework.test.context.junit4.statements.RunBeforeTestClassCallbacks.evaluate(RunBeforeTestClassCallbacks.java:61)
	at org.springframework.test.context.junit4.statements.RunAfterTestClassCallbacks.evaluate(RunAfterTestClassCallbacks.java:70)
	at org.junit.runners.ParentRunner.run(ParentRunner.java:363)
	at org.springframework.test.context.junit4.SpringJUnit4ClassRunner.run(SpringJUnit4ClassRunner.java:193)
	at org.apache.maven.surefire.junit4.JUnit4Provider.execute(JUnit4Provider.java:283)
	at org.apache.maven.surefire.junit4.JUnit4Provider.executeWithRerun(JUnit4Provider.java:173)
	at org.apache.maven.surefire.junit4.JUnit4Provider.executeTestSet(JUnit4Provider.java:153)
	at org.apache.maven.surefire.junit4.JUnit4Provider.invoke(JUnit4Provider.java:128)
	at org.apache.maven.surefire.booter.ForkedBooter.invokeProviderInSameClassLoader(ForkedBooter.java:203)
	at org.apache.maven.surefire.booter.ForkedBooter.runSuitesInProcess(ForkedBooter.java:155)
	at org.apache.maven.surefire.booter.ForkedBooter.main(ForkedBooter.java:103)


Results :

Tests in error: 
  BootstrapApplicationTests.contextLoads  NoClassDefFound javax/persistence/Ent...

Tests run: 1, Failures: 0, Errors: 1, Skipped: 0

[INFO] ------------------------------------------------------------------------
[INFO] BUILD FAILURE
[INFO] ------------------------------------------------------------------------
[INFO] Total time: 8.645s
[INFO] Finished at: Thu Jan 21 19:04:31 NZDT 2016
[INFO] Final Memory: 12M/60M
[INFO] ------------------------------------------------------------------------
[ERROR] Failed to execute goal org.apache.maven.plugins:maven-surefire-plugin:2.18.1:test (default-test) on project bootstrapplicator: There are test failures.
[ERROR] 
[ERROR] Please refer to /home/devmac/workspace/freeboot/bootstrapplicator/target/surefire-reports for the individual test results.
[ERROR] -> [Help 1]
org.apache.maven.lifecycle.LifecycleExecutionException: Failed to execute goal org.apache.maven.plugins:maven-surefire-plugin:2.18.1:test (default-test) on project bootstrapplicator: There are test failures.

Please refer to /home/devmac/workspace/freeboot/bootstrapplicator/target/surefire-reports for the individual test results.
	at org.apache.maven.lifecycle.internal.MojoExecutor.execute(MojoExecutor.java:213)
	at org.apache.maven.lifecycle.internal.MojoExecutor.execute(MojoExecutor.java:153)
	at org.apache.maven.lifecycle.internal.MojoExecutor.execute(MojoExecutor.java:145)
	at org.apache.maven.lifecycle.internal.LifecycleModuleBuilder.buildProject(LifecycleModuleBuilder.java:84)
	at org.apache.maven.lifecycle.internal.LifecycleModuleBuilder.buildProject(LifecycleModuleBuilder.java:59)
	at org.apache.maven.lifecycle.internal.LifecycleStarter.singleThreadedBuild(LifecycleStarter.java:183)
	at org.apache.maven.lifecycle.internal.LifecycleStarter.execute(LifecycleStarter.java:161)
	at org.apache.maven.DefaultMaven.doExecute(DefaultMaven.java:320)
	at org.apache.maven.DefaultMaven.execute(DefaultMaven.java:156)
	at org.apache.maven.cli.MavenCli.execute(MavenCli.java:537)
	at org.apache.maven.cli.MavenCli.doMain(MavenCli.java:196)
	at org.apache.maven.cli.MavenCli.main(MavenCli.java:141)
	at sun.reflect.NativeMethodAccessorImpl.invoke0(Native Method)
	at sun.reflect.NativeMethodAccessorImpl.invoke(NativeMethodAccessorImpl.java:62)
	at sun.reflect.DelegatingMethodAccessorImpl.invoke(DelegatingMethodAccessorImpl.java:43)
	at java.lang.reflect.Method.invoke(Method.java:497)
	at org.codehaus.plexus.classworlds.launcher.Launcher.launchEnhanced(Launcher.java:289)
	at org.codehaus.plexus.classworlds.launcher.Launcher.launch(Launcher.java:229)
	at org.codehaus.plexus.classworlds.launcher.Launcher.mainWithExitCode(Launcher.java:415)
	at org.codehaus.plexus.classworlds.launcher.Launcher.main(Launcher.java:356)
Caused by: org.apache.maven.plugin.MojoFailureException: There are test failures.

Please refer to /home/devmac/workspace/freeboot/bootstrapplicator/target/surefire-reports for the individual test results.
	at org.apache.maven.plugin.surefire.SurefireHelper.reportExecution(SurefireHelper.java:82)
	at org.apache.maven.plugin.surefire.SurefirePlugin.handleSummary(SurefirePlugin.java:254)
	at org.apache.maven.plugin.surefire.AbstractSurefireMojo.executeAfterPreconditionsChecked(AbstractSurefireMojo.java:854)
	at org.apache.maven.plugin.surefire.AbstractSurefireMojo.execute(AbstractSurefireMojo.java:722)
	at org.apache.maven.plugin.DefaultBuildPluginManager.executeMojo(DefaultBuildPluginManager.java:101)
	at org.apache.maven.lifecycle.internal.MojoExecutor.execute(MojoExecutor.java:209)
	... 19 more
[ERROR] 
[ERROR] 
[ERROR] For more information about the errors and possible solutions, please read the following articles:
[ERROR] [Help 1] http://cwiki.apache.org/confluence/display/MAVEN/MojoFailureException
